[2022-11-22T20:50:29.934+0000] {taskinstance.py:1165} INFO - Dependencies all met for <TaskInstance: example_complex.create_entry_group manual__2022-11-22T20:50:27.752242+00:00 [queued]>
[2022-11-22T20:50:29.957+0000] {taskinstance.py:1165} INFO - Dependencies all met for <TaskInstance: example_complex.create_entry_group manual__2022-11-22T20:50:27.752242+00:00 [queued]>
[2022-11-22T20:50:29.958+0000] {taskinstance.py:1362} INFO - 
--------------------------------------------------------------------------------
[2022-11-22T20:50:29.959+0000] {taskinstance.py:1363} INFO - Starting attempt 1 of 1
[2022-11-22T20:50:29.960+0000] {taskinstance.py:1364} INFO - 
--------------------------------------------------------------------------------
[2022-11-22T20:50:29.971+0000] {taskinstance.py:1383} INFO - Executing <Task(BashOperator): create_entry_group> on 2022-11-22 20:50:27.752242+00:00
[2022-11-22T20:50:29.977+0000] {standard_task_runner.py:55} INFO - Started process 1513 to run task
[2022-11-22T20:50:29.981+0000] {standard_task_runner.py:82} INFO - Running: ['***', 'tasks', 'run', 'example_complex', 'create_entry_group', 'manual__2022-11-22T20:50:27.752242+00:00', '--job-id', '2', '--raw', '--subdir', 'DAGS_FOLDER/example_complex.py', '--cfg-path', '/tmp/tmpdn87iadq']
[2022-11-22T20:50:29.984+0000] {standard_task_runner.py:83} INFO - Job 2: Subtask create_entry_group
[2022-11-22T20:50:30.095+0000] {task_command.py:376} INFO - Running <TaskInstance: example_complex.create_entry_group manual__2022-11-22T20:50:27.752242+00:00 [running]> on host 1a61e3e7cd0f
[2022-11-22T20:50:30.213+0000] {taskinstance.py:1590} INFO - Exporting the following env vars:
AIRFLOW_CTX_DAG_OWNER=***
AIRFLOW_CTX_DAG_ID=example_complex
AIRFLOW_CTX_TASK_ID=create_entry_group
AIRFLOW_CTX_EXECUTION_DATE=2022-11-22T20:50:27.752242+00:00
AIRFLOW_CTX_TRY_NUMBER=1
AIRFLOW_CTX_DAG_RUN_ID=manual__2022-11-22T20:50:27.752242+00:00
[2022-11-22T20:50:30.299+0000] {subprocess.py:63} INFO - Tmp dir root location: 
 /tmp
[2022-11-22T20:50:30.315+0000] {subprocess.py:75} INFO - Running command: ['/bin/bash', '-c', 'echo create_entry_group']
[2022-11-22T20:50:30.348+0000] {subprocess.py:86} INFO - Output:
[2022-11-22T20:50:30.467+0000] {subprocess.py:93} INFO - create_entry_group
[2022-11-22T20:50:30.520+0000] {subprocess.py:97} INFO - Command exited with return code 0
[2022-11-22T20:50:30.546+0000] {taskinstance.py:1401} INFO - Marking task as SUCCESS. dag_id=example_complex, task_id=create_entry_group, execution_date=20221122T205027, start_date=20221122T205029, end_date=20221122T205030
[2022-11-22T20:50:30.601+0000] {local_task_job.py:159} INFO - Task exited with return code 0
[2022-11-22T20:50:30.642+0000] {taskinstance.py:2623} INFO - 4 downstream tasks scheduled from follow-on schedule check
