[2022-11-22T20:50:42.465+0000] {taskinstance.py:1165} INFO - Dependencies all met for <TaskInstance: example_complex.delete_tag manual__2022-11-22T20:50:27.752242+00:00 [queued]>
[2022-11-22T20:50:42.476+0000] {taskinstance.py:1165} INFO - Dependencies all met for <TaskInstance: example_complex.delete_tag manual__2022-11-22T20:50:27.752242+00:00 [queued]>
[2022-11-22T20:50:42.477+0000] {taskinstance.py:1362} INFO - 
--------------------------------------------------------------------------------
[2022-11-22T20:50:42.477+0000] {taskinstance.py:1363} INFO - Starting attempt 1 of 1
[2022-11-22T20:50:42.479+0000] {taskinstance.py:1364} INFO - 
--------------------------------------------------------------------------------
[2022-11-22T20:50:42.488+0000] {taskinstance.py:1383} INFO - Executing <Task(BashOperator): delete_tag> on 2022-11-22 20:50:27.752242+00:00
[2022-11-22T20:50:42.493+0000] {standard_task_runner.py:55} INFO - Started process 1606 to run task
[2022-11-22T20:50:42.497+0000] {standard_task_runner.py:82} INFO - Running: ['***', 'tasks', 'run', 'example_complex', 'delete_tag', 'manual__2022-11-22T20:50:27.752242+00:00', '--job-id', '33', '--raw', '--subdir', 'DAGS_FOLDER/example_complex.py', '--cfg-path', '/tmp/tmpeoqavo1l']
[2022-11-22T20:50:42.500+0000] {standard_task_runner.py:83} INFO - Job 33: Subtask delete_tag
[2022-11-22T20:50:42.546+0000] {task_command.py:376} INFO - Running <TaskInstance: example_complex.delete_tag manual__2022-11-22T20:50:27.752242+00:00 [running]> on host 1a61e3e7cd0f
[2022-11-22T20:50:42.587+0000] {taskinstance.py:1590} INFO - Exporting the following env vars:
AIRFLOW_CTX_DAG_OWNER=***
AIRFLOW_CTX_DAG_ID=example_complex
AIRFLOW_CTX_TASK_ID=delete_tag
AIRFLOW_CTX_EXECUTION_DATE=2022-11-22T20:50:27.752242+00:00
AIRFLOW_CTX_TRY_NUMBER=1
AIRFLOW_CTX_DAG_RUN_ID=manual__2022-11-22T20:50:27.752242+00:00
[2022-11-22T20:50:42.589+0000] {subprocess.py:63} INFO - Tmp dir root location: 
 /tmp
[2022-11-22T20:50:42.591+0000] {subprocess.py:75} INFO - Running command: ['/bin/bash', '-c', 'echo delete_tag']
[2022-11-22T20:50:42.605+0000] {subprocess.py:86} INFO - Output:
[2022-11-22T20:50:42.607+0000] {subprocess.py:93} INFO - delete_tag
[2022-11-22T20:50:42.608+0000] {subprocess.py:97} INFO - Command exited with return code 0
[2022-11-22T20:50:42.627+0000] {taskinstance.py:1401} INFO - Marking task as SUCCESS. dag_id=example_complex, task_id=delete_tag, execution_date=20221122T205027, start_date=20221122T205042, end_date=20221122T205042
[2022-11-22T20:50:42.669+0000] {local_task_job.py:159} INFO - Task exited with return code 0
[2022-11-22T20:50:42.690+0000] {taskinstance.py:2623} INFO - 1 downstream tasks scheduled from follow-on schedule check
