[2022-11-22T20:50:36.446+0000] {taskinstance.py:1165} INFO - Dependencies all met for <TaskInstance: example_complex.get_entry_result manual__2022-11-22T20:50:27.752242+00:00 [queued]>
[2022-11-22T20:50:36.492+0000] {taskinstance.py:1165} INFO - Dependencies all met for <TaskInstance: example_complex.get_entry_result manual__2022-11-22T20:50:27.752242+00:00 [queued]>
[2022-11-22T20:50:36.495+0000] {taskinstance.py:1362} INFO - 
--------------------------------------------------------------------------------
[2022-11-22T20:50:36.495+0000] {taskinstance.py:1363} INFO - Starting attempt 1 of 1
[2022-11-22T20:50:36.500+0000] {taskinstance.py:1364} INFO - 
--------------------------------------------------------------------------------
[2022-11-22T20:50:36.546+0000] {taskinstance.py:1383} INFO - Executing <Task(BashOperator): get_entry_result> on 2022-11-22 20:50:27.752242+00:00
[2022-11-22T20:50:36.609+0000] {standard_task_runner.py:55} INFO - Started process 1556 to run task
[2022-11-22T20:50:36.622+0000] {standard_task_runner.py:82} INFO - Running: ['***', 'tasks', 'run', 'example_complex', 'get_entry_result', 'manual__2022-11-22T20:50:27.752242+00:00', '--job-id', '20', '--raw', '--subdir', 'DAGS_FOLDER/example_complex.py', '--cfg-path', '/tmp/tmpb9q9tc7c']
[2022-11-22T20:50:36.638+0000] {standard_task_runner.py:83} INFO - Job 20: Subtask get_entry_result
[2022-11-22T20:50:36.968+0000] {task_command.py:376} INFO - Running <TaskInstance: example_complex.get_entry_result manual__2022-11-22T20:50:27.752242+00:00 [running]> on host 1a61e3e7cd0f
[2022-11-22T20:50:37.166+0000] {taskinstance.py:1590} INFO - Exporting the following env vars:
AIRFLOW_CTX_DAG_OWNER=***
AIRFLOW_CTX_DAG_ID=example_complex
AIRFLOW_CTX_TASK_ID=get_entry_result
AIRFLOW_CTX_EXECUTION_DATE=2022-11-22T20:50:27.752242+00:00
AIRFLOW_CTX_TRY_NUMBER=1
AIRFLOW_CTX_DAG_RUN_ID=manual__2022-11-22T20:50:27.752242+00:00
[2022-11-22T20:50:37.182+0000] {subprocess.py:63} INFO - Tmp dir root location: 
 /tmp
[2022-11-22T20:50:37.187+0000] {subprocess.py:75} INFO - Running command: ['/bin/bash', '-c', 'echo get_entry_result']
[2022-11-22T20:50:37.230+0000] {subprocess.py:86} INFO - Output:
[2022-11-22T20:50:37.234+0000] {subprocess.py:93} INFO - get_entry_result
[2022-11-22T20:50:37.236+0000] {subprocess.py:97} INFO - Command exited with return code 0
[2022-11-22T20:50:37.290+0000] {taskinstance.py:1401} INFO - Marking task as SUCCESS. dag_id=example_complex, task_id=get_entry_result, execution_date=20221122T205027, start_date=20221122T205036, end_date=20221122T205037
[2022-11-22T20:50:37.386+0000] {local_task_job.py:159} INFO - Task exited with return code 0
[2022-11-22T20:50:37.510+0000] {taskinstance.py:2623} INFO - 0 downstream tasks scheduled from follow-on schedule check
