[2022-11-22T20:50:51.818+0000] {taskinstance.py:1165} INFO - Dependencies all met for <TaskInstance: example_complex.delete_entry manual__2022-11-22T20:50:27.752242+00:00 [queued]>
[2022-11-22T20:50:51.828+0000] {taskinstance.py:1165} INFO - Dependencies all met for <TaskInstance: example_complex.delete_entry manual__2022-11-22T20:50:27.752242+00:00 [queued]>
[2022-11-22T20:50:51.828+0000] {taskinstance.py:1362} INFO - 
--------------------------------------------------------------------------------
[2022-11-22T20:50:51.830+0000] {taskinstance.py:1363} INFO - Starting attempt 1 of 1
[2022-11-22T20:50:51.830+0000] {taskinstance.py:1364} INFO - 
--------------------------------------------------------------------------------
[2022-11-22T20:50:51.841+0000] {taskinstance.py:1383} INFO - Executing <Task(BashOperator): delete_entry> on 2022-11-22 20:50:27.752242+00:00
[2022-11-22T20:50:51.846+0000] {standard_task_runner.py:55} INFO - Started process 1662 to run task
[2022-11-22T20:50:51.849+0000] {standard_task_runner.py:82} INFO - Running: ['***', 'tasks', 'run', 'example_complex', 'delete_entry', 'manual__2022-11-22T20:50:27.752242+00:00', '--job-id', '38', '--raw', '--subdir', 'DAGS_FOLDER/example_complex.py', '--cfg-path', '/tmp/tmp4390562s']
[2022-11-22T20:50:51.852+0000] {standard_task_runner.py:83} INFO - Job 38: Subtask delete_entry
[2022-11-22T20:50:51.913+0000] {task_command.py:376} INFO - Running <TaskInstance: example_complex.delete_entry manual__2022-11-22T20:50:27.752242+00:00 [running]> on host 1a61e3e7cd0f
[2022-11-22T20:50:51.979+0000] {taskinstance.py:1590} INFO - Exporting the following env vars:
AIRFLOW_CTX_DAG_OWNER=***
AIRFLOW_CTX_DAG_ID=example_complex
AIRFLOW_CTX_TASK_ID=delete_entry
AIRFLOW_CTX_EXECUTION_DATE=2022-11-22T20:50:27.752242+00:00
AIRFLOW_CTX_TRY_NUMBER=1
AIRFLOW_CTX_DAG_RUN_ID=manual__2022-11-22T20:50:27.752242+00:00
[2022-11-22T20:50:51.981+0000] {subprocess.py:63} INFO - Tmp dir root location: 
 /tmp
[2022-11-22T20:50:51.983+0000] {subprocess.py:75} INFO - Running command: ['/bin/bash', '-c', 'echo delete_entry']
[2022-11-22T20:50:51.995+0000] {subprocess.py:86} INFO - Output:
[2022-11-22T20:50:51.997+0000] {subprocess.py:93} INFO - delete_entry
[2022-11-22T20:50:51.998+0000] {subprocess.py:97} INFO - Command exited with return code 0
[2022-11-22T20:50:52.016+0000] {taskinstance.py:1401} INFO - Marking task as SUCCESS. dag_id=example_complex, task_id=delete_entry, execution_date=20221122T205027, start_date=20221122T205051, end_date=20221122T205052
[2022-11-22T20:50:52.063+0000] {local_task_job.py:159} INFO - Task exited with return code 0
[2022-11-22T20:50:52.076+0000] {taskinstance.py:2623} INFO - 0 downstream tasks scheduled from follow-on schedule check
