[2022-11-22T20:47:16.556+0000] {processor.py:154} INFO - Started process (PID=366) to work on /opt/airflow/dags/plugins/workday.py
[2022-11-22T20:47:16.558+0000] {processor.py:756} INFO - Processing file /opt/airflow/dags/plugins/workday.py for tasks to queue
[2022-11-22T20:47:16.559+0000] {logging_mixin.py:137} INFO - [2022-11-22T20:47:16.559+0000] {dagbag.py:537} INFO - Filling up the DagBag from /opt/airflow/dags/plugins/workday.py
[2022-11-22T20:47:16.565+0000] {processor.py:768} WARNING - No viable dags retrieved from /opt/airflow/dags/plugins/workday.py
[2022-11-22T20:47:16.576+0000] {processor.py:176} INFO - Processing /opt/airflow/dags/plugins/workday.py took 0.022 seconds
[2022-11-22T20:47:48.024+0000] {processor.py:154} INFO - Started process (PID=556) to work on /opt/airflow/dags/plugins/workday.py
[2022-11-22T20:47:48.025+0000] {processor.py:756} INFO - Processing file /opt/airflow/dags/plugins/workday.py for tasks to queue
[2022-11-22T20:47:48.026+0000] {logging_mixin.py:137} INFO - [2022-11-22T20:47:48.026+0000] {dagbag.py:537} INFO - Filling up the DagBag from /opt/airflow/dags/plugins/workday.py
[2022-11-22T20:47:48.041+0000] {processor.py:768} WARNING - No viable dags retrieved from /opt/airflow/dags/plugins/workday.py
[2022-11-22T20:47:48.053+0000] {processor.py:176} INFO - Processing /opt/airflow/dags/plugins/workday.py took 0.032 seconds
[2022-11-22T20:48:19.994+0000] {processor.py:154} INFO - Started process (PID=745) to work on /opt/airflow/dags/plugins/workday.py
[2022-11-22T20:48:19.999+0000] {processor.py:756} INFO - Processing file /opt/airflow/dags/plugins/workday.py for tasks to queue
[2022-11-22T20:48:20.001+0000] {logging_mixin.py:137} INFO - [2022-11-22T20:48:20.001+0000] {dagbag.py:537} INFO - Filling up the DagBag from /opt/airflow/dags/plugins/workday.py
[2022-11-22T20:48:20.014+0000] {processor.py:768} WARNING - No viable dags retrieved from /opt/airflow/dags/plugins/workday.py
[2022-11-22T20:48:20.025+0000] {processor.py:176} INFO - Processing /opt/airflow/dags/plugins/workday.py took 0.034 seconds
[2022-11-22T20:48:51.055+0000] {processor.py:154} INFO - Started process (PID=935) to work on /opt/airflow/dags/plugins/workday.py
[2022-11-22T20:48:51.060+0000] {processor.py:756} INFO - Processing file /opt/airflow/dags/plugins/workday.py for tasks to queue
[2022-11-22T20:48:51.061+0000] {logging_mixin.py:137} INFO - [2022-11-22T20:48:51.061+0000] {dagbag.py:537} INFO - Filling up the DagBag from /opt/airflow/dags/plugins/workday.py
[2022-11-22T20:48:51.073+0000] {processor.py:768} WARNING - No viable dags retrieved from /opt/airflow/dags/plugins/workday.py
[2022-11-22T20:48:51.085+0000] {processor.py:176} INFO - Processing /opt/airflow/dags/plugins/workday.py took 0.032 seconds
[2022-11-22T20:49:21.125+0000] {processor.py:154} INFO - Started process (PID=1122) to work on /opt/airflow/dags/plugins/workday.py
[2022-11-22T20:49:21.127+0000] {processor.py:756} INFO - Processing file /opt/airflow/dags/plugins/workday.py for tasks to queue
[2022-11-22T20:49:21.128+0000] {logging_mixin.py:137} INFO - [2022-11-22T20:49:21.128+0000] {dagbag.py:537} INFO - Filling up the DagBag from /opt/airflow/dags/plugins/workday.py
[2022-11-22T20:49:21.134+0000] {processor.py:768} WARNING - No viable dags retrieved from /opt/airflow/dags/plugins/workday.py
[2022-11-22T20:49:21.145+0000] {processor.py:176} INFO - Processing /opt/airflow/dags/plugins/workday.py took 0.022 seconds
[2022-11-22T20:49:52.746+0000] {processor.py:154} INFO - Started process (PID=1310) to work on /opt/airflow/dags/plugins/workday.py
[2022-11-22T20:49:52.750+0000] {processor.py:756} INFO - Processing file /opt/airflow/dags/plugins/workday.py for tasks to queue
[2022-11-22T20:49:52.785+0000] {logging_mixin.py:137} INFO - [2022-11-22T20:49:52.785+0000] {dagbag.py:537} INFO - Filling up the DagBag from /opt/airflow/dags/plugins/workday.py
[2022-11-22T20:49:52.811+0000] {processor.py:768} WARNING - No viable dags retrieved from /opt/airflow/dags/plugins/workday.py
[2022-11-22T20:49:52.843+0000] {processor.py:176} INFO - Processing /opt/airflow/dags/plugins/workday.py took 0.101 seconds
[2022-11-22T20:50:23.521+0000] {processor.py:154} INFO - Started process (PID=1500) to work on /opt/airflow/dags/plugins/workday.py
[2022-11-22T20:50:23.523+0000] {processor.py:756} INFO - Processing file /opt/airflow/dags/plugins/workday.py for tasks to queue
[2022-11-22T20:50:23.524+0000] {logging_mixin.py:137} INFO - [2022-11-22T20:50:23.524+0000] {dagbag.py:537} INFO - Filling up the DagBag from /opt/airflow/dags/plugins/workday.py
[2022-11-22T20:50:23.531+0000] {processor.py:768} WARNING - No viable dags retrieved from /opt/airflow/dags/plugins/workday.py
[2022-11-22T20:50:23.545+0000] {processor.py:176} INFO - Processing /opt/airflow/dags/plugins/workday.py took 0.027 seconds
[2022-11-22T20:50:54.282+0000] {processor.py:154} INFO - Started process (PID=1806) to work on /opt/airflow/dags/plugins/workday.py
[2022-11-22T20:50:54.288+0000] {processor.py:756} INFO - Processing file /opt/airflow/dags/plugins/workday.py for tasks to queue
[2022-11-22T20:50:54.289+0000] {logging_mixin.py:137} INFO - [2022-11-22T20:50:54.289+0000] {dagbag.py:537} INFO - Filling up the DagBag from /opt/airflow/dags/plugins/workday.py
[2022-11-22T20:50:54.310+0000] {processor.py:768} WARNING - No viable dags retrieved from /opt/airflow/dags/plugins/workday.py
[2022-11-22T20:50:54.321+0000] {processor.py:176} INFO - Processing /opt/airflow/dags/plugins/workday.py took 0.043 seconds
[2022-11-22T20:51:24.481+0000] {processor.py:154} INFO - Started process (PID=1998) to work on /opt/airflow/dags/plugins/workday.py
[2022-11-22T20:51:24.483+0000] {processor.py:756} INFO - Processing file /opt/airflow/dags/plugins/workday.py for tasks to queue
[2022-11-22T20:51:24.484+0000] {logging_mixin.py:137} INFO - [2022-11-22T20:51:24.484+0000] {dagbag.py:537} INFO - Filling up the DagBag from /opt/airflow/dags/plugins/workday.py
[2022-11-22T20:51:24.490+0000] {processor.py:768} WARNING - No viable dags retrieved from /opt/airflow/dags/plugins/workday.py
[2022-11-22T20:51:24.502+0000] {processor.py:176} INFO - Processing /opt/airflow/dags/plugins/workday.py took 0.023 seconds
[2022-11-22T20:51:56.979+0000] {processor.py:154} INFO - Started process (PID=2188) to work on /opt/airflow/dags/plugins/workday.py
[2022-11-22T20:51:56.981+0000] {processor.py:756} INFO - Processing file /opt/airflow/dags/plugins/workday.py for tasks to queue
[2022-11-22T20:51:56.983+0000] {logging_mixin.py:137} INFO - [2022-11-22T20:51:56.983+0000] {dagbag.py:537} INFO - Filling up the DagBag from /opt/airflow/dags/plugins/workday.py
[2022-11-22T20:51:56.992+0000] {processor.py:768} WARNING - No viable dags retrieved from /opt/airflow/dags/plugins/workday.py
[2022-11-22T20:51:57.005+0000] {processor.py:176} INFO - Processing /opt/airflow/dags/plugins/workday.py took 0.028 seconds
[2022-11-22T20:52:28.978+0000] {processor.py:154} INFO - Started process (PID=2376) to work on /opt/airflow/dags/plugins/workday.py
[2022-11-22T20:52:28.982+0000] {processor.py:756} INFO - Processing file /opt/airflow/dags/plugins/workday.py for tasks to queue
[2022-11-22T20:52:28.984+0000] {logging_mixin.py:137} INFO - [2022-11-22T20:52:28.984+0000] {dagbag.py:537} INFO - Filling up the DagBag from /opt/airflow/dags/plugins/workday.py
[2022-11-22T20:52:28.992+0000] {processor.py:768} WARNING - No viable dags retrieved from /opt/airflow/dags/plugins/workday.py
[2022-11-22T20:52:29.007+0000] {processor.py:176} INFO - Processing /opt/airflow/dags/plugins/workday.py took 0.032 seconds
[2022-11-22T20:53:01.609+0000] {processor.py:154} INFO - Started process (PID=2568) to work on /opt/airflow/dags/plugins/workday.py
[2022-11-22T20:53:01.612+0000] {processor.py:756} INFO - Processing file /opt/airflow/dags/plugins/workday.py for tasks to queue
[2022-11-22T20:53:01.614+0000] {logging_mixin.py:137} INFO - [2022-11-22T20:53:01.613+0000] {dagbag.py:537} INFO - Filling up the DagBag from /opt/airflow/dags/plugins/workday.py
[2022-11-22T20:53:01.623+0000] {processor.py:768} WARNING - No viable dags retrieved from /opt/airflow/dags/plugins/workday.py
[2022-11-22T20:53:01.640+0000] {processor.py:176} INFO - Processing /opt/airflow/dags/plugins/workday.py took 0.034 seconds
[2022-11-22T20:53:32.402+0000] {processor.py:154} INFO - Started process (PID=2758) to work on /opt/airflow/dags/plugins/workday.py
[2022-11-22T20:53:32.405+0000] {processor.py:756} INFO - Processing file /opt/airflow/dags/plugins/workday.py for tasks to queue
[2022-11-22T20:53:32.412+0000] {logging_mixin.py:137} INFO - [2022-11-22T20:53:32.412+0000] {dagbag.py:537} INFO - Filling up the DagBag from /opt/airflow/dags/plugins/workday.py
[2022-11-22T20:53:32.417+0000] {processor.py:768} WARNING - No viable dags retrieved from /opt/airflow/dags/plugins/workday.py
[2022-11-22T20:53:32.430+0000] {processor.py:176} INFO - Processing /opt/airflow/dags/plugins/workday.py took 0.030 seconds
[2022-11-22T20:54:03.507+0000] {processor.py:154} INFO - Started process (PID=2948) to work on /opt/airflow/dags/plugins/workday.py
[2022-11-22T20:54:03.508+0000] {processor.py:756} INFO - Processing file /opt/airflow/dags/plugins/workday.py for tasks to queue
[2022-11-22T20:54:03.510+0000] {logging_mixin.py:137} INFO - [2022-11-22T20:54:03.510+0000] {dagbag.py:537} INFO - Filling up the DagBag from /opt/airflow/dags/plugins/workday.py
[2022-11-22T20:54:03.516+0000] {processor.py:768} WARNING - No viable dags retrieved from /opt/airflow/dags/plugins/workday.py
[2022-11-22T20:54:03.529+0000] {processor.py:176} INFO - Processing /opt/airflow/dags/plugins/workday.py took 0.025 seconds
[2022-11-22T20:54:34.248+0000] {processor.py:154} INFO - Started process (PID=3138) to work on /opt/airflow/dags/plugins/workday.py
[2022-11-22T20:54:34.250+0000] {processor.py:756} INFO - Processing file /opt/airflow/dags/plugins/workday.py for tasks to queue
[2022-11-22T20:54:34.251+0000] {logging_mixin.py:137} INFO - [2022-11-22T20:54:34.251+0000] {dagbag.py:537} INFO - Filling up the DagBag from /opt/airflow/dags/plugins/workday.py
[2022-11-22T20:54:34.257+0000] {processor.py:768} WARNING - No viable dags retrieved from /opt/airflow/dags/plugins/workday.py
[2022-11-22T20:54:34.269+0000] {processor.py:176} INFO - Processing /opt/airflow/dags/plugins/workday.py took 0.023 seconds
[2022-11-22T20:55:05.785+0000] {processor.py:154} INFO - Started process (PID=3326) to work on /opt/airflow/dags/plugins/workday.py
[2022-11-22T20:55:05.812+0000] {processor.py:756} INFO - Processing file /opt/airflow/dags/plugins/workday.py for tasks to queue
[2022-11-22T20:55:05.820+0000] {logging_mixin.py:137} INFO - [2022-11-22T20:55:05.819+0000] {dagbag.py:537} INFO - Filling up the DagBag from /opt/airflow/dags/plugins/workday.py
[2022-11-22T20:55:05.890+0000] {processor.py:768} WARNING - No viable dags retrieved from /opt/airflow/dags/plugins/workday.py
[2022-11-22T20:55:06.056+0000] {processor.py:176} INFO - Processing /opt/airflow/dags/plugins/workday.py took 0.274 seconds
[2022-11-22T20:55:36.279+0000] {processor.py:154} INFO - Started process (PID=3516) to work on /opt/airflow/dags/plugins/workday.py
[2022-11-22T20:55:36.282+0000] {processor.py:756} INFO - Processing file /opt/airflow/dags/plugins/workday.py for tasks to queue
[2022-11-22T20:55:36.286+0000] {logging_mixin.py:137} INFO - [2022-11-22T20:55:36.286+0000] {dagbag.py:537} INFO - Filling up the DagBag from /opt/airflow/dags/plugins/workday.py
[2022-11-22T20:55:36.292+0000] {processor.py:768} WARNING - No viable dags retrieved from /opt/airflow/dags/plugins/workday.py
[2022-11-22T20:55:36.303+0000] {processor.py:176} INFO - Processing /opt/airflow/dags/plugins/workday.py took 0.027 seconds
[2022-11-22T20:56:06.560+0000] {processor.py:154} INFO - Started process (PID=3706) to work on /opt/airflow/dags/plugins/workday.py
[2022-11-22T20:56:06.561+0000] {processor.py:756} INFO - Processing file /opt/airflow/dags/plugins/workday.py for tasks to queue
[2022-11-22T20:56:06.564+0000] {logging_mixin.py:137} INFO - [2022-11-22T20:56:06.564+0000] {dagbag.py:537} INFO - Filling up the DagBag from /opt/airflow/dags/plugins/workday.py
[2022-11-22T20:56:06.569+0000] {processor.py:768} WARNING - No viable dags retrieved from /opt/airflow/dags/plugins/workday.py
[2022-11-22T20:56:06.580+0000] {processor.py:176} INFO - Processing /opt/airflow/dags/plugins/workday.py took 0.022 seconds
[2022-11-22T20:56:36.672+0000] {processor.py:154} INFO - Started process (PID=3891) to work on /opt/airflow/dags/plugins/workday.py
[2022-11-22T20:56:36.674+0000] {processor.py:756} INFO - Processing file /opt/airflow/dags/plugins/workday.py for tasks to queue
[2022-11-22T20:56:36.676+0000] {logging_mixin.py:137} INFO - [2022-11-22T20:56:36.675+0000] {dagbag.py:537} INFO - Filling up the DagBag from /opt/airflow/dags/plugins/workday.py
[2022-11-22T20:56:36.681+0000] {processor.py:768} WARNING - No viable dags retrieved from /opt/airflow/dags/plugins/workday.py
[2022-11-22T20:56:36.694+0000] {processor.py:176} INFO - Processing /opt/airflow/dags/plugins/workday.py took 0.024 seconds
[2022-11-22T20:57:07.074+0000] {processor.py:154} INFO - Started process (PID=4088) to work on /opt/airflow/dags/plugins/workday.py
[2022-11-22T20:57:07.095+0000] {processor.py:756} INFO - Processing file /opt/airflow/dags/plugins/workday.py for tasks to queue
[2022-11-22T20:57:07.096+0000] {logging_mixin.py:137} INFO - [2022-11-22T20:57:07.096+0000] {dagbag.py:537} INFO - Filling up the DagBag from /opt/airflow/dags/plugins/workday.py
[2022-11-22T20:57:07.103+0000] {processor.py:768} WARNING - No viable dags retrieved from /opt/airflow/dags/plugins/workday.py
[2022-11-22T20:57:07.113+0000] {processor.py:176} INFO - Processing /opt/airflow/dags/plugins/workday.py took 0.041 seconds
[2022-11-22T20:57:37.537+0000] {processor.py:154} INFO - Started process (PID=4278) to work on /opt/airflow/dags/plugins/workday.py
[2022-11-22T20:57:37.539+0000] {processor.py:756} INFO - Processing file /opt/airflow/dags/plugins/workday.py for tasks to queue
[2022-11-22T20:57:37.540+0000] {logging_mixin.py:137} INFO - [2022-11-22T20:57:37.540+0000] {dagbag.py:537} INFO - Filling up the DagBag from /opt/airflow/dags/plugins/workday.py
[2022-11-22T20:57:37.544+0000] {processor.py:768} WARNING - No viable dags retrieved from /opt/airflow/dags/plugins/workday.py
[2022-11-22T20:57:37.556+0000] {processor.py:176} INFO - Processing /opt/airflow/dags/plugins/workday.py took 0.021 seconds
[2022-11-22T20:58:07.699+0000] {processor.py:154} INFO - Started process (PID=4468) to work on /opt/airflow/dags/plugins/workday.py
[2022-11-22T20:58:07.701+0000] {processor.py:756} INFO - Processing file /opt/airflow/dags/plugins/workday.py for tasks to queue
[2022-11-22T20:58:07.702+0000] {logging_mixin.py:137} INFO - [2022-11-22T20:58:07.702+0000] {dagbag.py:537} INFO - Filling up the DagBag from /opt/airflow/dags/plugins/workday.py
[2022-11-22T20:58:07.708+0000] {processor.py:768} WARNING - No viable dags retrieved from /opt/airflow/dags/plugins/workday.py
[2022-11-22T20:58:07.717+0000] {processor.py:176} INFO - Processing /opt/airflow/dags/plugins/workday.py took 0.020 seconds
[2022-11-22T20:58:38.037+0000] {processor.py:154} INFO - Started process (PID=4658) to work on /opt/airflow/dags/plugins/workday.py
[2022-11-22T20:58:38.039+0000] {processor.py:756} INFO - Processing file /opt/airflow/dags/plugins/workday.py for tasks to queue
[2022-11-22T20:58:38.040+0000] {logging_mixin.py:137} INFO - [2022-11-22T20:58:38.040+0000] {dagbag.py:537} INFO - Filling up the DagBag from /opt/airflow/dags/plugins/workday.py
[2022-11-22T20:58:38.046+0000] {processor.py:768} WARNING - No viable dags retrieved from /opt/airflow/dags/plugins/workday.py
[2022-11-22T20:58:38.059+0000] {processor.py:176} INFO - Processing /opt/airflow/dags/plugins/workday.py took 0.026 seconds
[2022-11-22T20:59:08.490+0000] {processor.py:154} INFO - Started process (PID=4848) to work on /opt/airflow/dags/plugins/workday.py
[2022-11-22T20:59:08.492+0000] {processor.py:756} INFO - Processing file /opt/airflow/dags/plugins/workday.py for tasks to queue
[2022-11-22T20:59:08.493+0000] {logging_mixin.py:137} INFO - [2022-11-22T20:59:08.493+0000] {dagbag.py:537} INFO - Filling up the DagBag from /opt/airflow/dags/plugins/workday.py
[2022-11-22T20:59:08.498+0000] {processor.py:768} WARNING - No viable dags retrieved from /opt/airflow/dags/plugins/workday.py
[2022-11-22T20:59:08.510+0000] {processor.py:176} INFO - Processing /opt/airflow/dags/plugins/workday.py took 0.023 seconds
[2022-11-22T20:59:38.798+0000] {processor.py:154} INFO - Started process (PID=5038) to work on /opt/airflow/dags/plugins/workday.py
[2022-11-22T20:59:38.800+0000] {processor.py:756} INFO - Processing file /opt/airflow/dags/plugins/workday.py for tasks to queue
[2022-11-22T20:59:38.801+0000] {logging_mixin.py:137} INFO - [2022-11-22T20:59:38.801+0000] {dagbag.py:537} INFO - Filling up the DagBag from /opt/airflow/dags/plugins/workday.py
[2022-11-22T20:59:38.807+0000] {processor.py:768} WARNING - No viable dags retrieved from /opt/airflow/dags/plugins/workday.py
[2022-11-22T20:59:38.818+0000] {processor.py:176} INFO - Processing /opt/airflow/dags/plugins/workday.py took 0.022 seconds
[2022-11-22T21:00:09.273+0000] {processor.py:154} INFO - Started process (PID=5226) to work on /opt/airflow/dags/plugins/workday.py
[2022-11-22T21:00:09.282+0000] {processor.py:756} INFO - Processing file /opt/airflow/dags/plugins/workday.py for tasks to queue
[2022-11-22T21:00:09.286+0000] {logging_mixin.py:137} INFO - [2022-11-22T21:00:09.286+0000] {dagbag.py:537} INFO - Filling up the DagBag from /opt/airflow/dags/plugins/workday.py
[2022-11-22T21:00:09.297+0000] {processor.py:768} WARNING - No viable dags retrieved from /opt/airflow/dags/plugins/workday.py
[2022-11-22T21:00:09.320+0000] {processor.py:176} INFO - Processing /opt/airflow/dags/plugins/workday.py took 0.054 seconds
[2022-11-22T21:00:44.710+0000] {processor.py:154} INFO - Started process (PID=5418) to work on /opt/airflow/dags/plugins/workday.py
[2022-11-22T21:00:44.715+0000] {processor.py:756} INFO - Processing file /opt/airflow/dags/plugins/workday.py for tasks to queue
[2022-11-22T21:00:44.717+0000] {logging_mixin.py:137} INFO - [2022-11-22T21:00:44.716+0000] {dagbag.py:537} INFO - Filling up the DagBag from /opt/airflow/dags/plugins/workday.py
[2022-11-22T21:00:44.723+0000] {processor.py:768} WARNING - No viable dags retrieved from /opt/airflow/dags/plugins/workday.py
[2022-11-22T21:00:44.739+0000] {processor.py:176} INFO - Processing /opt/airflow/dags/plugins/workday.py took 0.032 seconds
[2022-11-22T21:01:14.923+0000] {processor.py:154} INFO - Started process (PID=5608) to work on /opt/airflow/dags/plugins/workday.py
[2022-11-22T21:01:14.924+0000] {processor.py:756} INFO - Processing file /opt/airflow/dags/plugins/workday.py for tasks to queue
[2022-11-22T21:01:14.925+0000] {logging_mixin.py:137} INFO - [2022-11-22T21:01:14.925+0000] {dagbag.py:537} INFO - Filling up the DagBag from /opt/airflow/dags/plugins/workday.py
[2022-11-22T21:01:14.931+0000] {processor.py:768} WARNING - No viable dags retrieved from /opt/airflow/dags/plugins/workday.py
[2022-11-22T21:01:14.942+0000] {processor.py:176} INFO - Processing /opt/airflow/dags/plugins/workday.py took 0.021 seconds
[2022-11-22T21:01:45.211+0000] {processor.py:154} INFO - Started process (PID=5798) to work on /opt/airflow/dags/plugins/workday.py
[2022-11-22T21:01:45.213+0000] {processor.py:756} INFO - Processing file /opt/airflow/dags/plugins/workday.py for tasks to queue
[2022-11-22T21:01:45.214+0000] {logging_mixin.py:137} INFO - [2022-11-22T21:01:45.214+0000] {dagbag.py:537} INFO - Filling up the DagBag from /opt/airflow/dags/plugins/workday.py
[2022-11-22T21:01:45.220+0000] {processor.py:768} WARNING - No viable dags retrieved from /opt/airflow/dags/plugins/workday.py
[2022-11-22T21:01:45.231+0000] {processor.py:176} INFO - Processing /opt/airflow/dags/plugins/workday.py took 0.022 seconds
[2022-11-22T21:02:18.746+0000] {processor.py:154} INFO - Started process (PID=5986) to work on /opt/airflow/dags/plugins/workday.py
[2022-11-22T21:02:18.754+0000] {processor.py:756} INFO - Processing file /opt/airflow/dags/plugins/workday.py for tasks to queue
[2022-11-22T21:02:18.762+0000] {logging_mixin.py:137} INFO - [2022-11-22T21:02:18.761+0000] {dagbag.py:537} INFO - Filling up the DagBag from /opt/airflow/dags/plugins/workday.py
[2022-11-22T21:02:18.784+0000] {processor.py:768} WARNING - No viable dags retrieved from /opt/airflow/dags/plugins/workday.py
[2022-11-22T21:02:18.815+0000] {processor.py:176} INFO - Processing /opt/airflow/dags/plugins/workday.py took 0.081 seconds
[2022-11-22T21:02:49.314+0000] {processor.py:154} INFO - Started process (PID=6176) to work on /opt/airflow/dags/plugins/workday.py
[2022-11-22T21:02:49.316+0000] {processor.py:756} INFO - Processing file /opt/airflow/dags/plugins/workday.py for tasks to queue
[2022-11-22T21:02:49.317+0000] {logging_mixin.py:137} INFO - [2022-11-22T21:02:49.317+0000] {dagbag.py:537} INFO - Filling up the DagBag from /opt/airflow/dags/plugins/workday.py
[2022-11-22T21:02:49.323+0000] {processor.py:768} WARNING - No viable dags retrieved from /opt/airflow/dags/plugins/workday.py
[2022-11-22T21:02:49.336+0000] {processor.py:176} INFO - Processing /opt/airflow/dags/plugins/workday.py took 0.025 seconds
[2022-11-22T21:03:19.693+0000] {processor.py:154} INFO - Started process (PID=6366) to work on /opt/airflow/dags/plugins/workday.py
[2022-11-22T21:03:19.695+0000] {processor.py:756} INFO - Processing file /opt/airflow/dags/plugins/workday.py for tasks to queue
[2022-11-22T21:03:19.698+0000] {logging_mixin.py:137} INFO - [2022-11-22T21:03:19.698+0000] {dagbag.py:537} INFO - Filling up the DagBag from /opt/airflow/dags/plugins/workday.py
[2022-11-22T21:03:19.706+0000] {processor.py:768} WARNING - No viable dags retrieved from /opt/airflow/dags/plugins/workday.py
[2022-11-22T21:03:19.724+0000] {processor.py:176} INFO - Processing /opt/airflow/dags/plugins/workday.py took 0.033 seconds
[2022-11-22T21:03:50.254+0000] {processor.py:154} INFO - Started process (PID=6556) to work on /opt/airflow/dags/plugins/workday.py
[2022-11-22T21:03:50.256+0000] {processor.py:756} INFO - Processing file /opt/airflow/dags/plugins/workday.py for tasks to queue
[2022-11-22T21:03:50.257+0000] {logging_mixin.py:137} INFO - [2022-11-22T21:03:50.257+0000] {dagbag.py:537} INFO - Filling up the DagBag from /opt/airflow/dags/plugins/workday.py
[2022-11-22T21:03:50.264+0000] {processor.py:768} WARNING - No viable dags retrieved from /opt/airflow/dags/plugins/workday.py
[2022-11-22T21:03:50.276+0000] {processor.py:176} INFO - Processing /opt/airflow/dags/plugins/workday.py took 0.024 seconds
[2022-11-22T21:04:20.510+0000] {processor.py:154} INFO - Started process (PID=6748) to work on /opt/airflow/dags/plugins/workday.py
[2022-11-22T21:04:20.512+0000] {processor.py:756} INFO - Processing file /opt/airflow/dags/plugins/workday.py for tasks to queue
[2022-11-22T21:04:20.513+0000] {logging_mixin.py:137} INFO - [2022-11-22T21:04:20.513+0000] {dagbag.py:537} INFO - Filling up the DagBag from /opt/airflow/dags/plugins/workday.py
[2022-11-22T21:04:20.518+0000] {processor.py:768} WARNING - No viable dags retrieved from /opt/airflow/dags/plugins/workday.py
[2022-11-22T21:04:20.530+0000] {processor.py:176} INFO - Processing /opt/airflow/dags/plugins/workday.py took 0.023 seconds
[2022-11-22T21:04:50.758+0000] {processor.py:154} INFO - Started process (PID=6938) to work on /opt/airflow/dags/plugins/workday.py
[2022-11-22T21:04:50.767+0000] {processor.py:756} INFO - Processing file /opt/airflow/dags/plugins/workday.py for tasks to queue
[2022-11-22T21:04:50.770+0000] {logging_mixin.py:137} INFO - [2022-11-22T21:04:50.770+0000] {dagbag.py:537} INFO - Filling up the DagBag from /opt/airflow/dags/plugins/workday.py
[2022-11-22T21:04:50.781+0000] {processor.py:768} WARNING - No viable dags retrieved from /opt/airflow/dags/plugins/workday.py
[2022-11-22T21:04:50.802+0000] {processor.py:176} INFO - Processing /opt/airflow/dags/plugins/workday.py took 0.046 seconds
[2022-11-22T21:05:22.257+0000] {processor.py:154} INFO - Started process (PID=7126) to work on /opt/airflow/dags/plugins/workday.py
[2022-11-22T21:05:22.262+0000] {processor.py:756} INFO - Processing file /opt/airflow/dags/plugins/workday.py for tasks to queue
[2022-11-22T21:05:22.266+0000] {logging_mixin.py:137} INFO - [2022-11-22T21:05:22.266+0000] {dagbag.py:537} INFO - Filling up the DagBag from /opt/airflow/dags/plugins/workday.py
[2022-11-22T21:05:22.287+0000] {processor.py:768} WARNING - No viable dags retrieved from /opt/airflow/dags/plugins/workday.py
[2022-11-22T21:05:22.310+0000] {processor.py:176} INFO - Processing /opt/airflow/dags/plugins/workday.py took 0.055 seconds
[2022-11-22T21:05:52.862+0000] {processor.py:154} INFO - Started process (PID=7316) to work on /opt/airflow/dags/plugins/workday.py
[2022-11-22T21:05:52.865+0000] {processor.py:756} INFO - Processing file /opt/airflow/dags/plugins/workday.py for tasks to queue
[2022-11-22T21:05:52.868+0000] {logging_mixin.py:137} INFO - [2022-11-22T21:05:52.868+0000] {dagbag.py:537} INFO - Filling up the DagBag from /opt/airflow/dags/plugins/workday.py
[2022-11-22T21:05:52.881+0000] {processor.py:768} WARNING - No viable dags retrieved from /opt/airflow/dags/plugins/workday.py
[2022-11-22T21:05:52.898+0000] {processor.py:176} INFO - Processing /opt/airflow/dags/plugins/workday.py took 0.040 seconds
[2022-11-22T21:06:23.035+0000] {processor.py:154} INFO - Started process (PID=7506) to work on /opt/airflow/dags/plugins/workday.py
[2022-11-22T21:06:23.037+0000] {processor.py:756} INFO - Processing file /opt/airflow/dags/plugins/workday.py for tasks to queue
[2022-11-22T21:06:23.038+0000] {logging_mixin.py:137} INFO - [2022-11-22T21:06:23.038+0000] {dagbag.py:537} INFO - Filling up the DagBag from /opt/airflow/dags/plugins/workday.py
[2022-11-22T21:06:23.044+0000] {processor.py:768} WARNING - No viable dags retrieved from /opt/airflow/dags/plugins/workday.py
[2022-11-22T21:06:23.056+0000] {processor.py:176} INFO - Processing /opt/airflow/dags/plugins/workday.py took 0.024 seconds
[2022-11-22T21:06:54.170+0000] {processor.py:154} INFO - Started process (PID=7696) to work on /opt/airflow/dags/plugins/workday.py
[2022-11-22T21:06:54.171+0000] {processor.py:756} INFO - Processing file /opt/airflow/dags/plugins/workday.py for tasks to queue
[2022-11-22T21:06:54.173+0000] {logging_mixin.py:137} INFO - [2022-11-22T21:06:54.173+0000] {dagbag.py:537} INFO - Filling up the DagBag from /opt/airflow/dags/plugins/workday.py
[2022-11-22T21:06:54.179+0000] {processor.py:768} WARNING - No viable dags retrieved from /opt/airflow/dags/plugins/workday.py
[2022-11-22T21:06:54.191+0000] {processor.py:176} INFO - Processing /opt/airflow/dags/plugins/workday.py took 0.023 seconds
[2022-11-22T21:07:24.752+0000] {processor.py:154} INFO - Started process (PID=7886) to work on /opt/airflow/dags/plugins/workday.py
[2022-11-22T21:07:24.755+0000] {processor.py:756} INFO - Processing file /opt/airflow/dags/plugins/workday.py for tasks to queue
[2022-11-22T21:07:24.756+0000] {logging_mixin.py:137} INFO - [2022-11-22T21:07:24.756+0000] {dagbag.py:537} INFO - Filling up the DagBag from /opt/airflow/dags/plugins/workday.py
[2022-11-22T21:07:24.763+0000] {processor.py:768} WARNING - No viable dags retrieved from /opt/airflow/dags/plugins/workday.py
[2022-11-22T21:07:24.775+0000] {processor.py:176} INFO - Processing /opt/airflow/dags/plugins/workday.py took 0.025 seconds
[2022-11-22T21:07:55.237+0000] {processor.py:154} INFO - Started process (PID=8078) to work on /opt/airflow/dags/plugins/workday.py
[2022-11-22T21:07:55.239+0000] {processor.py:756} INFO - Processing file /opt/airflow/dags/plugins/workday.py for tasks to queue
[2022-11-22T21:07:55.241+0000] {logging_mixin.py:137} INFO - [2022-11-22T21:07:55.241+0000] {dagbag.py:537} INFO - Filling up the DagBag from /opt/airflow/dags/plugins/workday.py
[2022-11-22T21:07:55.248+0000] {processor.py:768} WARNING - No viable dags retrieved from /opt/airflow/dags/plugins/workday.py
[2022-11-22T21:07:55.260+0000] {processor.py:176} INFO - Processing /opt/airflow/dags/plugins/workday.py took 0.025 seconds
[2022-11-22T21:08:25.465+0000] {processor.py:154} INFO - Started process (PID=8266) to work on /opt/airflow/dags/plugins/workday.py
[2022-11-22T21:08:25.467+0000] {processor.py:756} INFO - Processing file /opt/airflow/dags/plugins/workday.py for tasks to queue
[2022-11-22T21:08:25.468+0000] {logging_mixin.py:137} INFO - [2022-11-22T21:08:25.468+0000] {dagbag.py:537} INFO - Filling up the DagBag from /opt/airflow/dags/plugins/workday.py
[2022-11-22T21:08:25.476+0000] {processor.py:768} WARNING - No viable dags retrieved from /opt/airflow/dags/plugins/workday.py
[2022-11-22T21:08:25.486+0000] {processor.py:176} INFO - Processing /opt/airflow/dags/plugins/workday.py took 0.024 seconds
[2022-11-22T21:08:55.828+0000] {processor.py:154} INFO - Started process (PID=8458) to work on /opt/airflow/dags/plugins/workday.py
[2022-11-22T21:08:55.830+0000] {processor.py:756} INFO - Processing file /opt/airflow/dags/plugins/workday.py for tasks to queue
[2022-11-22T21:08:55.832+0000] {logging_mixin.py:137} INFO - [2022-11-22T21:08:55.831+0000] {dagbag.py:537} INFO - Filling up the DagBag from /opt/airflow/dags/plugins/workday.py
[2022-11-22T21:08:55.839+0000] {processor.py:768} WARNING - No viable dags retrieved from /opt/airflow/dags/plugins/workday.py
[2022-11-22T21:08:55.855+0000] {processor.py:176} INFO - Processing /opt/airflow/dags/plugins/workday.py took 0.029 seconds
[2022-11-22T21:09:26.780+0000] {processor.py:154} INFO - Started process (PID=8646) to work on /opt/airflow/dags/plugins/workday.py
[2022-11-22T21:09:26.781+0000] {processor.py:756} INFO - Processing file /opt/airflow/dags/plugins/workday.py for tasks to queue
[2022-11-22T21:09:26.783+0000] {logging_mixin.py:137} INFO - [2022-11-22T21:09:26.783+0000] {dagbag.py:537} INFO - Filling up the DagBag from /opt/airflow/dags/plugins/workday.py
[2022-11-22T21:09:26.788+0000] {processor.py:768} WARNING - No viable dags retrieved from /opt/airflow/dags/plugins/workday.py
[2022-11-22T21:09:26.798+0000] {processor.py:176} INFO - Processing /opt/airflow/dags/plugins/workday.py took 0.020 seconds
[2022-11-22T21:09:57.609+0000] {processor.py:154} INFO - Started process (PID=8836) to work on /opt/airflow/dags/plugins/workday.py
[2022-11-22T21:09:57.611+0000] {processor.py:756} INFO - Processing file /opt/airflow/dags/plugins/workday.py for tasks to queue
[2022-11-22T21:09:57.612+0000] {logging_mixin.py:137} INFO - [2022-11-22T21:09:57.612+0000] {dagbag.py:537} INFO - Filling up the DagBag from /opt/airflow/dags/plugins/workday.py
[2022-11-22T21:09:57.618+0000] {processor.py:768} WARNING - No viable dags retrieved from /opt/airflow/dags/plugins/workday.py
[2022-11-22T21:09:57.629+0000] {processor.py:176} INFO - Processing /opt/airflow/dags/plugins/workday.py took 0.023 seconds
[2022-11-22T21:10:28.584+0000] {processor.py:154} INFO - Started process (PID=9026) to work on /opt/airflow/dags/plugins/workday.py
[2022-11-22T21:10:28.586+0000] {processor.py:756} INFO - Processing file /opt/airflow/dags/plugins/workday.py for tasks to queue
[2022-11-22T21:10:28.587+0000] {logging_mixin.py:137} INFO - [2022-11-22T21:10:28.587+0000] {dagbag.py:537} INFO - Filling up the DagBag from /opt/airflow/dags/plugins/workday.py
[2022-11-22T21:10:28.593+0000] {processor.py:768} WARNING - No viable dags retrieved from /opt/airflow/dags/plugins/workday.py
[2022-11-22T21:10:28.603+0000] {processor.py:176} INFO - Processing /opt/airflow/dags/plugins/workday.py took 0.022 seconds
[2022-11-22T21:10:58.896+0000] {processor.py:154} INFO - Started process (PID=9218) to work on /opt/airflow/dags/plugins/workday.py
[2022-11-22T21:10:58.899+0000] {processor.py:756} INFO - Processing file /opt/airflow/dags/plugins/workday.py for tasks to queue
[2022-11-22T21:10:58.899+0000] {logging_mixin.py:137} INFO - [2022-11-22T21:10:58.899+0000] {dagbag.py:537} INFO - Filling up the DagBag from /opt/airflow/dags/plugins/workday.py
[2022-11-22T21:10:58.904+0000] {processor.py:768} WARNING - No viable dags retrieved from /opt/airflow/dags/plugins/workday.py
[2022-11-22T21:10:58.916+0000] {processor.py:176} INFO - Processing /opt/airflow/dags/plugins/workday.py took 0.022 seconds
[2022-11-22T21:11:29.186+0000] {processor.py:154} INFO - Started process (PID=9406) to work on /opt/airflow/dags/plugins/workday.py
[2022-11-22T21:11:29.188+0000] {processor.py:756} INFO - Processing file /opt/airflow/dags/plugins/workday.py for tasks to queue
[2022-11-22T21:11:29.189+0000] {logging_mixin.py:137} INFO - [2022-11-22T21:11:29.189+0000] {dagbag.py:537} INFO - Filling up the DagBag from /opt/airflow/dags/plugins/workday.py
[2022-11-22T21:11:29.197+0000] {processor.py:768} WARNING - No viable dags retrieved from /opt/airflow/dags/plugins/workday.py
[2022-11-22T21:11:29.206+0000] {processor.py:176} INFO - Processing /opt/airflow/dags/plugins/workday.py took 0.022 seconds
[2022-11-22T21:11:59.578+0000] {processor.py:154} INFO - Started process (PID=9596) to work on /opt/airflow/dags/plugins/workday.py
[2022-11-22T21:11:59.580+0000] {processor.py:756} INFO - Processing file /opt/airflow/dags/plugins/workday.py for tasks to queue
[2022-11-22T21:11:59.581+0000] {logging_mixin.py:137} INFO - [2022-11-22T21:11:59.581+0000] {dagbag.py:537} INFO - Filling up the DagBag from /opt/airflow/dags/plugins/workday.py
[2022-11-22T21:11:59.587+0000] {processor.py:768} WARNING - No viable dags retrieved from /opt/airflow/dags/plugins/workday.py
[2022-11-22T21:11:59.597+0000] {processor.py:176} INFO - Processing /opt/airflow/dags/plugins/workday.py took 0.022 seconds
[2022-11-22T21:12:29.783+0000] {processor.py:154} INFO - Started process (PID=9788) to work on /opt/airflow/dags/plugins/workday.py
[2022-11-22T21:12:29.785+0000] {processor.py:756} INFO - Processing file /opt/airflow/dags/plugins/workday.py for tasks to queue
[2022-11-22T21:12:29.786+0000] {logging_mixin.py:137} INFO - [2022-11-22T21:12:29.786+0000] {dagbag.py:537} INFO - Filling up the DagBag from /opt/airflow/dags/plugins/workday.py
[2022-11-22T21:12:29.791+0000] {processor.py:768} WARNING - No viable dags retrieved from /opt/airflow/dags/plugins/workday.py
[2022-11-22T21:12:29.801+0000] {processor.py:176} INFO - Processing /opt/airflow/dags/plugins/workday.py took 0.020 seconds
[2022-11-22T21:13:00.847+0000] {processor.py:154} INFO - Started process (PID=9976) to work on /opt/airflow/dags/plugins/workday.py
[2022-11-22T21:13:00.849+0000] {processor.py:756} INFO - Processing file /opt/airflow/dags/plugins/workday.py for tasks to queue
[2022-11-22T21:13:00.850+0000] {logging_mixin.py:137} INFO - [2022-11-22T21:13:00.850+0000] {dagbag.py:537} INFO - Filling up the DagBag from /opt/airflow/dags/plugins/workday.py
[2022-11-22T21:13:00.855+0000] {processor.py:768} WARNING - No viable dags retrieved from /opt/airflow/dags/plugins/workday.py
[2022-11-22T21:13:00.867+0000] {processor.py:176} INFO - Processing /opt/airflow/dags/plugins/workday.py took 0.023 seconds
[2022-11-22T21:13:34.201+0000] {processor.py:154} INFO - Started process (PID=10166) to work on /opt/airflow/dags/plugins/workday.py
[2022-11-22T21:13:34.207+0000] {processor.py:756} INFO - Processing file /opt/airflow/dags/plugins/workday.py for tasks to queue
[2022-11-22T21:13:34.220+0000] {logging_mixin.py:137} INFO - [2022-11-22T21:13:34.220+0000] {dagbag.py:537} INFO - Filling up the DagBag from /opt/airflow/dags/plugins/workday.py
[2022-11-22T21:13:34.270+0000] {processor.py:768} WARNING - No viable dags retrieved from /opt/airflow/dags/plugins/workday.py
[2022-11-22T21:13:34.315+0000] {processor.py:176} INFO - Processing /opt/airflow/dags/plugins/workday.py took 0.118 seconds
[2022-11-22T21:14:04.828+0000] {processor.py:154} INFO - Started process (PID=10356) to work on /opt/airflow/dags/plugins/workday.py
[2022-11-22T21:14:04.831+0000] {processor.py:756} INFO - Processing file /opt/airflow/dags/plugins/workday.py for tasks to queue
[2022-11-22T21:14:04.833+0000] {logging_mixin.py:137} INFO - [2022-11-22T21:14:04.833+0000] {dagbag.py:537} INFO - Filling up the DagBag from /opt/airflow/dags/plugins/workday.py
[2022-11-22T21:14:04.841+0000] {processor.py:768} WARNING - No viable dags retrieved from /opt/airflow/dags/plugins/workday.py
[2022-11-22T21:14:04.856+0000] {processor.py:176} INFO - Processing /opt/airflow/dags/plugins/workday.py took 0.031 seconds
[2022-11-22T21:14:34.990+0000] {processor.py:154} INFO - Started process (PID=10546) to work on /opt/airflow/dags/plugins/workday.py
[2022-11-22T21:14:34.992+0000] {processor.py:756} INFO - Processing file /opt/airflow/dags/plugins/workday.py for tasks to queue
[2022-11-22T21:14:34.994+0000] {logging_mixin.py:137} INFO - [2022-11-22T21:14:34.993+0000] {dagbag.py:537} INFO - Filling up the DagBag from /opt/airflow/dags/plugins/workday.py
[2022-11-22T21:14:34.999+0000] {processor.py:768} WARNING - No viable dags retrieved from /opt/airflow/dags/plugins/workday.py
[2022-11-22T21:14:35.009+0000] {processor.py:176} INFO - Processing /opt/airflow/dags/plugins/workday.py took 0.022 seconds
[2022-11-22T21:15:05.401+0000] {processor.py:154} INFO - Started process (PID=10738) to work on /opt/airflow/dags/plugins/workday.py
[2022-11-22T21:15:05.403+0000] {processor.py:756} INFO - Processing file /opt/airflow/dags/plugins/workday.py for tasks to queue
[2022-11-22T21:15:05.404+0000] {logging_mixin.py:137} INFO - [2022-11-22T21:15:05.404+0000] {dagbag.py:537} INFO - Filling up the DagBag from /opt/airflow/dags/plugins/workday.py
[2022-11-22T21:15:05.409+0000] {processor.py:768} WARNING - No viable dags retrieved from /opt/airflow/dags/plugins/workday.py
[2022-11-22T21:15:05.420+0000] {processor.py:176} INFO - Processing /opt/airflow/dags/plugins/workday.py took 0.022 seconds
[2022-11-22T21:15:35.706+0000] {processor.py:154} INFO - Started process (PID=10928) to work on /opt/airflow/dags/plugins/workday.py
[2022-11-22T21:15:35.709+0000] {processor.py:756} INFO - Processing file /opt/airflow/dags/plugins/workday.py for tasks to queue
[2022-11-22T21:15:35.711+0000] {logging_mixin.py:137} INFO - [2022-11-22T21:15:35.711+0000] {dagbag.py:537} INFO - Filling up the DagBag from /opt/airflow/dags/plugins/workday.py
[2022-11-22T21:15:35.721+0000] {processor.py:768} WARNING - No viable dags retrieved from /opt/airflow/dags/plugins/workday.py
[2022-11-22T21:15:35.739+0000] {processor.py:176} INFO - Processing /opt/airflow/dags/plugins/workday.py took 0.035 seconds
[2022-11-22T21:16:06.347+0000] {processor.py:154} INFO - Started process (PID=11118) to work on /opt/airflow/dags/plugins/workday.py
[2022-11-22T21:16:06.373+0000] {processor.py:756} INFO - Processing file /opt/airflow/dags/plugins/workday.py for tasks to queue
[2022-11-22T21:16:06.375+0000] {logging_mixin.py:137} INFO - [2022-11-22T21:16:06.375+0000] {dagbag.py:537} INFO - Filling up the DagBag from /opt/airflow/dags/plugins/workday.py
[2022-11-22T21:16:06.384+0000] {processor.py:768} WARNING - No viable dags retrieved from /opt/airflow/dags/plugins/workday.py
[2022-11-22T21:16:06.400+0000] {processor.py:176} INFO - Processing /opt/airflow/dags/plugins/workday.py took 0.056 seconds
[2022-11-22T21:16:36.858+0000] {processor.py:154} INFO - Started process (PID=11308) to work on /opt/airflow/dags/plugins/workday.py
[2022-11-22T21:16:36.861+0000] {processor.py:756} INFO - Processing file /opt/airflow/dags/plugins/workday.py for tasks to queue
[2022-11-22T21:16:36.863+0000] {logging_mixin.py:137} INFO - [2022-11-22T21:16:36.863+0000] {dagbag.py:537} INFO - Filling up the DagBag from /opt/airflow/dags/plugins/workday.py
[2022-11-22T21:16:36.882+0000] {processor.py:768} WARNING - No viable dags retrieved from /opt/airflow/dags/plugins/workday.py
[2022-11-22T21:16:36.901+0000] {processor.py:176} INFO - Processing /opt/airflow/dags/plugins/workday.py took 0.047 seconds
[2022-11-22T21:17:07.154+0000] {processor.py:154} INFO - Started process (PID=11498) to work on /opt/airflow/dags/plugins/workday.py
[2022-11-22T21:17:07.156+0000] {processor.py:756} INFO - Processing file /opt/airflow/dags/plugins/workday.py for tasks to queue
[2022-11-22T21:17:07.158+0000] {logging_mixin.py:137} INFO - [2022-11-22T21:17:07.158+0000] {dagbag.py:537} INFO - Filling up the DagBag from /opt/airflow/dags/plugins/workday.py
[2022-11-22T21:17:07.176+0000] {processor.py:768} WARNING - No viable dags retrieved from /opt/airflow/dags/plugins/workday.py
[2022-11-22T21:17:07.188+0000] {processor.py:176} INFO - Processing /opt/airflow/dags/plugins/workday.py took 0.038 seconds
[2022-11-22T21:17:37.669+0000] {processor.py:154} INFO - Started process (PID=11688) to work on /opt/airflow/dags/plugins/workday.py
[2022-11-22T21:17:37.670+0000] {processor.py:756} INFO - Processing file /opt/airflow/dags/plugins/workday.py for tasks to queue
[2022-11-22T21:17:37.672+0000] {logging_mixin.py:137} INFO - [2022-11-22T21:17:37.672+0000] {dagbag.py:537} INFO - Filling up the DagBag from /opt/airflow/dags/plugins/workday.py
[2022-11-22T21:17:37.677+0000] {processor.py:768} WARNING - No viable dags retrieved from /opt/airflow/dags/plugins/workday.py
[2022-11-22T21:17:37.689+0000] {processor.py:176} INFO - Processing /opt/airflow/dags/plugins/workday.py took 0.023 seconds
[2022-11-22T21:18:07.857+0000] {processor.py:154} INFO - Started process (PID=11878) to work on /opt/airflow/dags/plugins/workday.py
[2022-11-22T21:18:07.859+0000] {processor.py:756} INFO - Processing file /opt/airflow/dags/plugins/workday.py for tasks to queue
[2022-11-22T21:18:07.860+0000] {logging_mixin.py:137} INFO - [2022-11-22T21:18:07.859+0000] {dagbag.py:537} INFO - Filling up the DagBag from /opt/airflow/dags/plugins/workday.py
[2022-11-22T21:18:07.865+0000] {processor.py:768} WARNING - No viable dags retrieved from /opt/airflow/dags/plugins/workday.py
[2022-11-22T21:18:07.877+0000] {processor.py:176} INFO - Processing /opt/airflow/dags/plugins/workday.py took 0.023 seconds
[2022-11-22T21:18:38.065+0000] {processor.py:154} INFO - Started process (PID=12066) to work on /opt/airflow/dags/plugins/workday.py
[2022-11-22T21:18:38.070+0000] {processor.py:756} INFO - Processing file /opt/airflow/dags/plugins/workday.py for tasks to queue
[2022-11-22T21:18:38.071+0000] {logging_mixin.py:137} INFO - [2022-11-22T21:18:38.071+0000] {dagbag.py:537} INFO - Filling up the DagBag from /opt/airflow/dags/plugins/workday.py
[2022-11-22T21:18:38.077+0000] {processor.py:768} WARNING - No viable dags retrieved from /opt/airflow/dags/plugins/workday.py
[2022-11-22T21:18:38.089+0000] {processor.py:176} INFO - Processing /opt/airflow/dags/plugins/workday.py took 0.026 seconds
[2022-11-22T21:19:12.010+0000] {processor.py:154} INFO - Started process (PID=12256) to work on /opt/airflow/dags/plugins/workday.py
[2022-11-22T21:19:12.016+0000] {processor.py:756} INFO - Processing file /opt/airflow/dags/plugins/workday.py for tasks to queue
[2022-11-22T21:19:12.018+0000] {logging_mixin.py:137} INFO - [2022-11-22T21:19:12.018+0000] {dagbag.py:537} INFO - Filling up the DagBag from /opt/airflow/dags/plugins/workday.py
[2022-11-22T21:19:12.064+0000] {processor.py:768} WARNING - No viable dags retrieved from /opt/airflow/dags/plugins/workday.py
[2022-11-22T21:19:12.109+0000] {processor.py:176} INFO - Processing /opt/airflow/dags/plugins/workday.py took 0.103 seconds
[2022-11-22T21:19:43.063+0000] {processor.py:154} INFO - Started process (PID=12446) to work on /opt/airflow/dags/plugins/workday.py
[2022-11-22T21:19:43.065+0000] {processor.py:756} INFO - Processing file /opt/airflow/dags/plugins/workday.py for tasks to queue
[2022-11-22T21:19:43.066+0000] {logging_mixin.py:137} INFO - [2022-11-22T21:19:43.066+0000] {dagbag.py:537} INFO - Filling up the DagBag from /opt/airflow/dags/plugins/workday.py
[2022-11-22T21:19:43.075+0000] {processor.py:768} WARNING - No viable dags retrieved from /opt/airflow/dags/plugins/workday.py
[2022-11-22T21:19:43.091+0000] {processor.py:176} INFO - Processing /opt/airflow/dags/plugins/workday.py took 0.035 seconds
[2022-11-22T21:20:13.421+0000] {processor.py:154} INFO - Started process (PID=12636) to work on /opt/airflow/dags/plugins/workday.py
[2022-11-22T21:20:13.424+0000] {processor.py:756} INFO - Processing file /opt/airflow/dags/plugins/workday.py for tasks to queue
[2022-11-22T21:20:13.425+0000] {logging_mixin.py:137} INFO - [2022-11-22T21:20:13.425+0000] {dagbag.py:537} INFO - Filling up the DagBag from /opt/airflow/dags/plugins/workday.py
[2022-11-22T21:20:13.436+0000] {processor.py:768} WARNING - No viable dags retrieved from /opt/airflow/dags/plugins/workday.py
[2022-11-22T21:20:13.456+0000] {processor.py:176} INFO - Processing /opt/airflow/dags/plugins/workday.py took 0.038 seconds
[2022-11-22T21:20:43.682+0000] {processor.py:154} INFO - Started process (PID=12826) to work on /opt/airflow/dags/plugins/workday.py
[2022-11-22T21:20:43.686+0000] {processor.py:756} INFO - Processing file /opt/airflow/dags/plugins/workday.py for tasks to queue
[2022-11-22T21:20:43.689+0000] {logging_mixin.py:137} INFO - [2022-11-22T21:20:43.689+0000] {dagbag.py:537} INFO - Filling up the DagBag from /opt/airflow/dags/plugins/workday.py
[2022-11-22T21:20:43.697+0000] {processor.py:768} WARNING - No viable dags retrieved from /opt/airflow/dags/plugins/workday.py
[2022-11-22T21:20:43.710+0000] {processor.py:176} INFO - Processing /opt/airflow/dags/plugins/workday.py took 0.032 seconds
[2022-11-22T21:21:14.147+0000] {processor.py:154} INFO - Started process (PID=13016) to work on /opt/airflow/dags/plugins/workday.py
[2022-11-22T21:21:14.149+0000] {processor.py:756} INFO - Processing file /opt/airflow/dags/plugins/workday.py for tasks to queue
[2022-11-22T21:21:14.151+0000] {logging_mixin.py:137} INFO - [2022-11-22T21:21:14.151+0000] {dagbag.py:537} INFO - Filling up the DagBag from /opt/airflow/dags/plugins/workday.py
[2022-11-22T21:21:14.159+0000] {processor.py:768} WARNING - No viable dags retrieved from /opt/airflow/dags/plugins/workday.py
[2022-11-22T21:21:14.172+0000] {processor.py:176} INFO - Processing /opt/airflow/dags/plugins/workday.py took 0.028 seconds
[2022-11-22T21:21:44.599+0000] {processor.py:154} INFO - Started process (PID=13206) to work on /opt/airflow/dags/plugins/workday.py
[2022-11-22T21:21:44.602+0000] {processor.py:756} INFO - Processing file /opt/airflow/dags/plugins/workday.py for tasks to queue
[2022-11-22T21:21:44.604+0000] {logging_mixin.py:137} INFO - [2022-11-22T21:21:44.604+0000] {dagbag.py:537} INFO - Filling up the DagBag from /opt/airflow/dags/plugins/workday.py
[2022-11-22T21:21:44.612+0000] {processor.py:768} WARNING - No viable dags retrieved from /opt/airflow/dags/plugins/workday.py
[2022-11-22T21:21:44.627+0000] {processor.py:176} INFO - Processing /opt/airflow/dags/plugins/workday.py took 0.031 seconds
[2022-11-22T21:22:14.856+0000] {processor.py:154} INFO - Started process (PID=13396) to work on /opt/airflow/dags/plugins/workday.py
[2022-11-22T21:22:14.859+0000] {processor.py:756} INFO - Processing file /opt/airflow/dags/plugins/workday.py for tasks to queue
[2022-11-22T21:22:14.861+0000] {logging_mixin.py:137} INFO - [2022-11-22T21:22:14.861+0000] {dagbag.py:537} INFO - Filling up the DagBag from /opt/airflow/dags/plugins/workday.py
[2022-11-22T21:22:14.867+0000] {processor.py:768} WARNING - No viable dags retrieved from /opt/airflow/dags/plugins/workday.py
[2022-11-22T21:22:14.881+0000] {processor.py:176} INFO - Processing /opt/airflow/dags/plugins/workday.py took 0.029 seconds
[2022-11-22T21:22:45.423+0000] {processor.py:154} INFO - Started process (PID=13586) to work on /opt/airflow/dags/plugins/workday.py
[2022-11-22T21:22:45.425+0000] {processor.py:756} INFO - Processing file /opt/airflow/dags/plugins/workday.py for tasks to queue
[2022-11-22T21:22:45.426+0000] {logging_mixin.py:137} INFO - [2022-11-22T21:22:45.426+0000] {dagbag.py:537} INFO - Filling up the DagBag from /opt/airflow/dags/plugins/workday.py
[2022-11-22T21:22:45.431+0000] {processor.py:768} WARNING - No viable dags retrieved from /opt/airflow/dags/plugins/workday.py
[2022-11-22T21:22:45.444+0000] {processor.py:176} INFO - Processing /opt/airflow/dags/plugins/workday.py took 0.030 seconds
[2022-11-22T21:23:16.063+0000] {processor.py:154} INFO - Started process (PID=13776) to work on /opt/airflow/dags/plugins/workday.py
[2022-11-22T21:23:16.065+0000] {processor.py:756} INFO - Processing file /opt/airflow/dags/plugins/workday.py for tasks to queue
[2022-11-22T21:23:16.066+0000] {logging_mixin.py:137} INFO - [2022-11-22T21:23:16.066+0000] {dagbag.py:537} INFO - Filling up the DagBag from /opt/airflow/dags/plugins/workday.py
[2022-11-22T21:23:16.074+0000] {processor.py:768} WARNING - No viable dags retrieved from /opt/airflow/dags/plugins/workday.py
[2022-11-22T21:23:16.088+0000] {processor.py:176} INFO - Processing /opt/airflow/dags/plugins/workday.py took 0.028 seconds
[2022-11-22T21:23:46.562+0000] {processor.py:154} INFO - Started process (PID=13966) to work on /opt/airflow/dags/plugins/workday.py
[2022-11-22T21:23:46.565+0000] {processor.py:756} INFO - Processing file /opt/airflow/dags/plugins/workday.py for tasks to queue
[2022-11-22T21:23:46.567+0000] {logging_mixin.py:137} INFO - [2022-11-22T21:23:46.567+0000] {dagbag.py:537} INFO - Filling up the DagBag from /opt/airflow/dags/plugins/workday.py
[2022-11-22T21:23:46.575+0000] {processor.py:768} WARNING - No viable dags retrieved from /opt/airflow/dags/plugins/workday.py
[2022-11-22T21:23:46.589+0000] {processor.py:176} INFO - Processing /opt/airflow/dags/plugins/workday.py took 0.030 seconds
[2022-11-22T21:24:16.778+0000] {processor.py:154} INFO - Started process (PID=14156) to work on /opt/airflow/dags/plugins/workday.py
[2022-11-22T21:24:16.781+0000] {processor.py:756} INFO - Processing file /opt/airflow/dags/plugins/workday.py for tasks to queue
[2022-11-22T21:24:16.783+0000] {logging_mixin.py:137} INFO - [2022-11-22T21:24:16.783+0000] {dagbag.py:537} INFO - Filling up the DagBag from /opt/airflow/dags/plugins/workday.py
[2022-11-22T21:24:16.789+0000] {processor.py:768} WARNING - No viable dags retrieved from /opt/airflow/dags/plugins/workday.py
[2022-11-22T21:24:16.835+0000] {processor.py:176} INFO - Processing /opt/airflow/dags/plugins/workday.py took 0.061 seconds
[2022-11-22T21:24:47.011+0000] {processor.py:154} INFO - Started process (PID=14345) to work on /opt/airflow/dags/plugins/workday.py
[2022-11-22T21:24:47.014+0000] {processor.py:756} INFO - Processing file /opt/airflow/dags/plugins/workday.py for tasks to queue
[2022-11-22T21:24:47.017+0000] {logging_mixin.py:137} INFO - [2022-11-22T21:24:47.017+0000] {dagbag.py:537} INFO - Filling up the DagBag from /opt/airflow/dags/plugins/workday.py
[2022-11-22T21:24:47.026+0000] {processor.py:768} WARNING - No viable dags retrieved from /opt/airflow/dags/plugins/workday.py
[2022-11-22T21:24:47.043+0000] {processor.py:176} INFO - Processing /opt/airflow/dags/plugins/workday.py took 0.037 seconds
[2022-11-22T21:25:17.221+0000] {processor.py:154} INFO - Started process (PID=14536) to work on /opt/airflow/dags/plugins/workday.py
[2022-11-22T21:25:17.223+0000] {processor.py:756} INFO - Processing file /opt/airflow/dags/plugins/workday.py for tasks to queue
[2022-11-22T21:25:17.224+0000] {logging_mixin.py:137} INFO - [2022-11-22T21:25:17.224+0000] {dagbag.py:537} INFO - Filling up the DagBag from /opt/airflow/dags/plugins/workday.py
[2022-11-22T21:25:17.231+0000] {processor.py:768} WARNING - No viable dags retrieved from /opt/airflow/dags/plugins/workday.py
[2022-11-22T21:25:17.245+0000] {processor.py:176} INFO - Processing /opt/airflow/dags/plugins/workday.py took 0.027 seconds
[2022-11-22T21:25:47.591+0000] {processor.py:154} INFO - Started process (PID=14726) to work on /opt/airflow/dags/plugins/workday.py
[2022-11-22T21:25:47.595+0000] {processor.py:756} INFO - Processing file /opt/airflow/dags/plugins/workday.py for tasks to queue
[2022-11-22T21:25:47.597+0000] {logging_mixin.py:137} INFO - [2022-11-22T21:25:47.597+0000] {dagbag.py:537} INFO - Filling up the DagBag from /opt/airflow/dags/plugins/workday.py
[2022-11-22T21:25:47.605+0000] {processor.py:768} WARNING - No viable dags retrieved from /opt/airflow/dags/plugins/workday.py
[2022-11-22T21:25:47.619+0000] {processor.py:176} INFO - Processing /opt/airflow/dags/plugins/workday.py took 0.032 seconds
[2022-11-22T21:26:17.747+0000] {processor.py:154} INFO - Started process (PID=14916) to work on /opt/airflow/dags/plugins/workday.py
[2022-11-22T21:26:17.750+0000] {processor.py:756} INFO - Processing file /opt/airflow/dags/plugins/workday.py for tasks to queue
[2022-11-22T21:26:17.751+0000] {logging_mixin.py:137} INFO - [2022-11-22T21:26:17.751+0000] {dagbag.py:537} INFO - Filling up the DagBag from /opt/airflow/dags/plugins/workday.py
[2022-11-22T21:26:17.758+0000] {processor.py:768} WARNING - No viable dags retrieved from /opt/airflow/dags/plugins/workday.py
[2022-11-22T21:26:17.770+0000] {processor.py:176} INFO - Processing /opt/airflow/dags/plugins/workday.py took 0.026 seconds
[2022-11-22T21:26:48.776+0000] {processor.py:154} INFO - Started process (PID=15106) to work on /opt/airflow/dags/plugins/workday.py
[2022-11-22T21:26:48.779+0000] {processor.py:756} INFO - Processing file /opt/airflow/dags/plugins/workday.py for tasks to queue
[2022-11-22T21:26:48.781+0000] {logging_mixin.py:137} INFO - [2022-11-22T21:26:48.781+0000] {dagbag.py:537} INFO - Filling up the DagBag from /opt/airflow/dags/plugins/workday.py
[2022-11-22T21:26:48.786+0000] {processor.py:768} WARNING - No viable dags retrieved from /opt/airflow/dags/plugins/workday.py
[2022-11-22T21:26:48.799+0000] {processor.py:176} INFO - Processing /opt/airflow/dags/plugins/workday.py took 0.026 seconds
[2022-11-22T21:27:18.880+0000] {processor.py:154} INFO - Started process (PID=15293) to work on /opt/airflow/dags/plugins/workday.py
[2022-11-22T21:27:18.882+0000] {processor.py:756} INFO - Processing file /opt/airflow/dags/plugins/workday.py for tasks to queue
[2022-11-22T21:27:18.883+0000] {logging_mixin.py:137} INFO - [2022-11-22T21:27:18.883+0000] {dagbag.py:537} INFO - Filling up the DagBag from /opt/airflow/dags/plugins/workday.py
[2022-11-22T21:27:18.893+0000] {processor.py:768} WARNING - No viable dags retrieved from /opt/airflow/dags/plugins/workday.py
[2022-11-22T21:27:18.911+0000] {processor.py:176} INFO - Processing /opt/airflow/dags/plugins/workday.py took 0.033 seconds
[2022-11-22T21:27:49.793+0000] {processor.py:154} INFO - Started process (PID=15486) to work on /opt/airflow/dags/plugins/workday.py
[2022-11-22T21:27:49.794+0000] {processor.py:756} INFO - Processing file /opt/airflow/dags/plugins/workday.py for tasks to queue
[2022-11-22T21:27:49.796+0000] {logging_mixin.py:137} INFO - [2022-11-22T21:27:49.795+0000] {dagbag.py:537} INFO - Filling up the DagBag from /opt/airflow/dags/plugins/workday.py
[2022-11-22T21:27:49.801+0000] {processor.py:768} WARNING - No viable dags retrieved from /opt/airflow/dags/plugins/workday.py
[2022-11-22T21:27:49.815+0000] {processor.py:176} INFO - Processing /opt/airflow/dags/plugins/workday.py took 0.024 seconds
[2022-11-22T21:28:21.019+0000] {processor.py:154} INFO - Started process (PID=15676) to work on /opt/airflow/dags/plugins/workday.py
[2022-11-22T21:28:21.021+0000] {processor.py:756} INFO - Processing file /opt/airflow/dags/plugins/workday.py for tasks to queue
[2022-11-22T21:28:21.023+0000] {logging_mixin.py:137} INFO - [2022-11-22T21:28:21.023+0000] {dagbag.py:537} INFO - Filling up the DagBag from /opt/airflow/dags/plugins/workday.py
[2022-11-22T21:28:21.030+0000] {processor.py:768} WARNING - No viable dags retrieved from /opt/airflow/dags/plugins/workday.py
[2022-11-22T21:28:21.041+0000] {processor.py:176} INFO - Processing /opt/airflow/dags/plugins/workday.py took 0.025 seconds
[2022-11-22T21:28:52.334+0000] {processor.py:154} INFO - Started process (PID=15866) to work on /opt/airflow/dags/plugins/workday.py
[2022-11-22T21:28:52.336+0000] {processor.py:756} INFO - Processing file /opt/airflow/dags/plugins/workday.py for tasks to queue
[2022-11-22T21:28:52.337+0000] {logging_mixin.py:137} INFO - [2022-11-22T21:28:52.337+0000] {dagbag.py:537} INFO - Filling up the DagBag from /opt/airflow/dags/plugins/workday.py
[2022-11-22T21:28:52.349+0000] {processor.py:768} WARNING - No viable dags retrieved from /opt/airflow/dags/plugins/workday.py
[2022-11-22T21:28:52.362+0000] {processor.py:176} INFO - Processing /opt/airflow/dags/plugins/workday.py took 0.030 seconds
[2022-11-22T21:29:23.504+0000] {processor.py:154} INFO - Started process (PID=16056) to work on /opt/airflow/dags/plugins/workday.py
[2022-11-22T21:29:23.507+0000] {processor.py:756} INFO - Processing file /opt/airflow/dags/plugins/workday.py for tasks to queue
[2022-11-22T21:29:23.508+0000] {logging_mixin.py:137} INFO - [2022-11-22T21:29:23.508+0000] {dagbag.py:537} INFO - Filling up the DagBag from /opt/airflow/dags/plugins/workday.py
[2022-11-22T21:29:23.514+0000] {processor.py:768} WARNING - No viable dags retrieved from /opt/airflow/dags/plugins/workday.py
[2022-11-22T21:29:23.526+0000] {processor.py:176} INFO - Processing /opt/airflow/dags/plugins/workday.py took 0.025 seconds
[2022-11-22T21:29:53.965+0000] {processor.py:154} INFO - Started process (PID=16246) to work on /opt/airflow/dags/plugins/workday.py
[2022-11-22T21:29:53.967+0000] {processor.py:756} INFO - Processing file /opt/airflow/dags/plugins/workday.py for tasks to queue
[2022-11-22T21:29:53.968+0000] {logging_mixin.py:137} INFO - [2022-11-22T21:29:53.968+0000] {dagbag.py:537} INFO - Filling up the DagBag from /opt/airflow/dags/plugins/workday.py
[2022-11-22T21:29:53.973+0000] {processor.py:768} WARNING - No viable dags retrieved from /opt/airflow/dags/plugins/workday.py
[2022-11-22T21:29:53.984+0000] {processor.py:176} INFO - Processing /opt/airflow/dags/plugins/workday.py took 0.021 seconds
[2022-11-22T21:30:25.023+0000] {processor.py:154} INFO - Started process (PID=16436) to work on /opt/airflow/dags/plugins/workday.py
[2022-11-22T21:30:25.025+0000] {processor.py:756} INFO - Processing file /opt/airflow/dags/plugins/workday.py for tasks to queue
[2022-11-22T21:30:25.026+0000] {logging_mixin.py:137} INFO - [2022-11-22T21:30:25.026+0000] {dagbag.py:537} INFO - Filling up the DagBag from /opt/airflow/dags/plugins/workday.py
[2022-11-22T21:30:25.032+0000] {processor.py:768} WARNING - No viable dags retrieved from /opt/airflow/dags/plugins/workday.py
[2022-11-22T21:30:25.044+0000] {processor.py:176} INFO - Processing /opt/airflow/dags/plugins/workday.py took 0.023 seconds
[2022-11-22T21:30:55.210+0000] {processor.py:154} INFO - Started process (PID=16626) to work on /opt/airflow/dags/plugins/workday.py
[2022-11-22T21:30:55.211+0000] {processor.py:756} INFO - Processing file /opt/airflow/dags/plugins/workday.py for tasks to queue
[2022-11-22T21:30:55.212+0000] {logging_mixin.py:137} INFO - [2022-11-22T21:30:55.212+0000] {dagbag.py:537} INFO - Filling up the DagBag from /opt/airflow/dags/plugins/workday.py
[2022-11-22T21:30:55.224+0000] {processor.py:768} WARNING - No viable dags retrieved from /opt/airflow/dags/plugins/workday.py
[2022-11-22T21:30:55.236+0000] {processor.py:176} INFO - Processing /opt/airflow/dags/plugins/workday.py took 0.029 seconds
[2022-11-22T21:31:26.417+0000] {processor.py:154} INFO - Started process (PID=16818) to work on /opt/airflow/dags/plugins/workday.py
[2022-11-22T21:31:26.419+0000] {processor.py:756} INFO - Processing file /opt/airflow/dags/plugins/workday.py for tasks to queue
[2022-11-22T21:31:26.420+0000] {logging_mixin.py:137} INFO - [2022-11-22T21:31:26.420+0000] {dagbag.py:537} INFO - Filling up the DagBag from /opt/airflow/dags/plugins/workday.py
[2022-11-22T21:31:26.425+0000] {processor.py:768} WARNING - No viable dags retrieved from /opt/airflow/dags/plugins/workday.py
[2022-11-22T21:31:26.437+0000] {processor.py:176} INFO - Processing /opt/airflow/dags/plugins/workday.py took 0.022 seconds
[2022-11-22T21:31:57.731+0000] {processor.py:154} INFO - Started process (PID=17006) to work on /opt/airflow/dags/plugins/workday.py
[2022-11-22T21:31:57.733+0000] {processor.py:756} INFO - Processing file /opt/airflow/dags/plugins/workday.py for tasks to queue
[2022-11-22T21:31:57.734+0000] {logging_mixin.py:137} INFO - [2022-11-22T21:31:57.734+0000] {dagbag.py:537} INFO - Filling up the DagBag from /opt/airflow/dags/plugins/workday.py
[2022-11-22T21:31:57.740+0000] {processor.py:768} WARNING - No viable dags retrieved from /opt/airflow/dags/plugins/workday.py
[2022-11-22T21:31:57.752+0000] {processor.py:176} INFO - Processing /opt/airflow/dags/plugins/workday.py took 0.025 seconds
[2022-11-22T21:32:28.369+0000] {processor.py:154} INFO - Started process (PID=17196) to work on /opt/airflow/dags/plugins/workday.py
[2022-11-22T21:32:28.370+0000] {processor.py:756} INFO - Processing file /opt/airflow/dags/plugins/workday.py for tasks to queue
[2022-11-22T21:32:28.371+0000] {logging_mixin.py:137} INFO - [2022-11-22T21:32:28.371+0000] {dagbag.py:537} INFO - Filling up the DagBag from /opt/airflow/dags/plugins/workday.py
[2022-11-22T21:32:28.378+0000] {processor.py:768} WARNING - No viable dags retrieved from /opt/airflow/dags/plugins/workday.py
[2022-11-22T21:32:28.389+0000] {processor.py:176} INFO - Processing /opt/airflow/dags/plugins/workday.py took 0.023 seconds
[2022-11-22T21:32:59.636+0000] {processor.py:154} INFO - Started process (PID=17388) to work on /opt/airflow/dags/plugins/workday.py
[2022-11-22T21:32:59.638+0000] {processor.py:756} INFO - Processing file /opt/airflow/dags/plugins/workday.py for tasks to queue
[2022-11-22T21:32:59.640+0000] {logging_mixin.py:137} INFO - [2022-11-22T21:32:59.639+0000] {dagbag.py:537} INFO - Filling up the DagBag from /opt/airflow/dags/plugins/workday.py
[2022-11-22T21:32:59.649+0000] {processor.py:768} WARNING - No viable dags retrieved from /opt/airflow/dags/plugins/workday.py
[2022-11-22T21:32:59.665+0000] {processor.py:176} INFO - Processing /opt/airflow/dags/plugins/workday.py took 0.032 seconds
[2022-11-22T21:33:29.766+0000] {processor.py:154} INFO - Started process (PID=17576) to work on /opt/airflow/dags/plugins/workday.py
[2022-11-22T21:33:29.768+0000] {processor.py:756} INFO - Processing file /opt/airflow/dags/plugins/workday.py for tasks to queue
[2022-11-22T21:33:29.770+0000] {logging_mixin.py:137} INFO - [2022-11-22T21:33:29.770+0000] {dagbag.py:537} INFO - Filling up the DagBag from /opt/airflow/dags/plugins/workday.py
[2022-11-22T21:33:29.778+0000] {processor.py:768} WARNING - No viable dags retrieved from /opt/airflow/dags/plugins/workday.py
[2022-11-22T21:33:29.792+0000] {processor.py:176} INFO - Processing /opt/airflow/dags/plugins/workday.py took 0.028 seconds
[2022-11-22T21:33:59.950+0000] {processor.py:154} INFO - Started process (PID=17766) to work on /opt/airflow/dags/plugins/workday.py
[2022-11-22T21:33:59.952+0000] {processor.py:756} INFO - Processing file /opt/airflow/dags/plugins/workday.py for tasks to queue
[2022-11-22T21:33:59.954+0000] {logging_mixin.py:137} INFO - [2022-11-22T21:33:59.954+0000] {dagbag.py:537} INFO - Filling up the DagBag from /opt/airflow/dags/plugins/workday.py
[2022-11-22T21:33:59.976+0000] {processor.py:768} WARNING - No viable dags retrieved from /opt/airflow/dags/plugins/workday.py
[2022-11-22T21:34:00.001+0000] {processor.py:176} INFO - Processing /opt/airflow/dags/plugins/workday.py took 0.053 seconds
[2022-11-22T21:34:30.855+0000] {processor.py:154} INFO - Started process (PID=17956) to work on /opt/airflow/dags/plugins/workday.py
[2022-11-22T21:34:30.857+0000] {processor.py:756} INFO - Processing file /opt/airflow/dags/plugins/workday.py for tasks to queue
[2022-11-22T21:34:30.858+0000] {logging_mixin.py:137} INFO - [2022-11-22T21:34:30.858+0000] {dagbag.py:537} INFO - Filling up the DagBag from /opt/airflow/dags/plugins/workday.py
[2022-11-22T21:34:30.864+0000] {processor.py:768} WARNING - No viable dags retrieved from /opt/airflow/dags/plugins/workday.py
[2022-11-22T21:34:30.874+0000] {processor.py:176} INFO - Processing /opt/airflow/dags/plugins/workday.py took 0.022 seconds
[2022-11-22T21:35:01.319+0000] {processor.py:154} INFO - Started process (PID=18146) to work on /opt/airflow/dags/plugins/workday.py
[2022-11-22T21:35:01.321+0000] {processor.py:756} INFO - Processing file /opt/airflow/dags/plugins/workday.py for tasks to queue
[2022-11-22T21:35:01.323+0000] {logging_mixin.py:137} INFO - [2022-11-22T21:35:01.323+0000] {dagbag.py:537} INFO - Filling up the DagBag from /opt/airflow/dags/plugins/workday.py
[2022-11-22T21:35:01.329+0000] {processor.py:768} WARNING - No viable dags retrieved from /opt/airflow/dags/plugins/workday.py
[2022-11-22T21:35:01.343+0000] {processor.py:176} INFO - Processing /opt/airflow/dags/plugins/workday.py took 0.026 seconds
[2022-11-22T21:35:31.644+0000] {processor.py:154} INFO - Started process (PID=18338) to work on /opt/airflow/dags/plugins/workday.py
[2022-11-22T21:35:31.645+0000] {processor.py:756} INFO - Processing file /opt/airflow/dags/plugins/workday.py for tasks to queue
[2022-11-22T21:35:31.646+0000] {logging_mixin.py:137} INFO - [2022-11-22T21:35:31.646+0000] {dagbag.py:537} INFO - Filling up the DagBag from /opt/airflow/dags/plugins/workday.py
[2022-11-22T21:35:31.656+0000] {processor.py:768} WARNING - No viable dags retrieved from /opt/airflow/dags/plugins/workday.py
[2022-11-22T21:35:31.669+0000] {processor.py:176} INFO - Processing /opt/airflow/dags/plugins/workday.py took 0.028 seconds
[2022-11-22T21:36:01.819+0000] {processor.py:154} INFO - Started process (PID=18528) to work on /opt/airflow/dags/plugins/workday.py
[2022-11-22T21:36:01.821+0000] {processor.py:756} INFO - Processing file /opt/airflow/dags/plugins/workday.py for tasks to queue
[2022-11-22T21:36:01.822+0000] {logging_mixin.py:137} INFO - [2022-11-22T21:36:01.822+0000] {dagbag.py:537} INFO - Filling up the DagBag from /opt/airflow/dags/plugins/workday.py
[2022-11-22T21:36:01.826+0000] {processor.py:768} WARNING - No viable dags retrieved from /opt/airflow/dags/plugins/workday.py
[2022-11-22T21:36:01.839+0000] {processor.py:176} INFO - Processing /opt/airflow/dags/plugins/workday.py took 0.022 seconds
[2022-11-22T21:36:31.966+0000] {processor.py:154} INFO - Started process (PID=18718) to work on /opt/airflow/dags/plugins/workday.py
[2022-11-22T21:36:31.968+0000] {processor.py:756} INFO - Processing file /opt/airflow/dags/plugins/workday.py for tasks to queue
[2022-11-22T21:36:31.969+0000] {logging_mixin.py:137} INFO - [2022-11-22T21:36:31.969+0000] {dagbag.py:537} INFO - Filling up the DagBag from /opt/airflow/dags/plugins/workday.py
[2022-11-22T21:36:31.974+0000] {processor.py:768} WARNING - No viable dags retrieved from /opt/airflow/dags/plugins/workday.py
[2022-11-22T21:36:31.988+0000] {processor.py:176} INFO - Processing /opt/airflow/dags/plugins/workday.py took 0.025 seconds
[2022-11-22T21:37:03.113+0000] {processor.py:154} INFO - Started process (PID=18906) to work on /opt/airflow/dags/plugins/workday.py
[2022-11-22T21:37:03.115+0000] {processor.py:756} INFO - Processing file /opt/airflow/dags/plugins/workday.py for tasks to queue
[2022-11-22T21:37:03.116+0000] {logging_mixin.py:137} INFO - [2022-11-22T21:37:03.116+0000] {dagbag.py:537} INFO - Filling up the DagBag from /opt/airflow/dags/plugins/workday.py
[2022-11-22T21:37:03.121+0000] {processor.py:768} WARNING - No viable dags retrieved from /opt/airflow/dags/plugins/workday.py
[2022-11-22T21:37:03.133+0000] {processor.py:176} INFO - Processing /opt/airflow/dags/plugins/workday.py took 0.022 seconds
[2022-11-22T21:37:33.360+0000] {processor.py:154} INFO - Started process (PID=19096) to work on /opt/airflow/dags/plugins/workday.py
[2022-11-22T21:37:33.362+0000] {processor.py:756} INFO - Processing file /opt/airflow/dags/plugins/workday.py for tasks to queue
[2022-11-22T21:37:33.364+0000] {logging_mixin.py:137} INFO - [2022-11-22T21:37:33.364+0000] {dagbag.py:537} INFO - Filling up the DagBag from /opt/airflow/dags/plugins/workday.py
[2022-11-22T21:37:33.369+0000] {processor.py:768} WARNING - No viable dags retrieved from /opt/airflow/dags/plugins/workday.py
[2022-11-22T21:37:33.379+0000] {processor.py:176} INFO - Processing /opt/airflow/dags/plugins/workday.py took 0.021 seconds
[2022-11-22T21:38:04.380+0000] {processor.py:154} INFO - Started process (PID=19286) to work on /opt/airflow/dags/plugins/workday.py
[2022-11-22T21:38:04.382+0000] {processor.py:756} INFO - Processing file /opt/airflow/dags/plugins/workday.py for tasks to queue
[2022-11-22T21:38:04.383+0000] {logging_mixin.py:137} INFO - [2022-11-22T21:38:04.383+0000] {dagbag.py:537} INFO - Filling up the DagBag from /opt/airflow/dags/plugins/workday.py
[2022-11-22T21:38:04.388+0000] {processor.py:768} WARNING - No viable dags retrieved from /opt/airflow/dags/plugins/workday.py
[2022-11-22T21:38:04.399+0000] {processor.py:176} INFO - Processing /opt/airflow/dags/plugins/workday.py took 0.021 seconds
[2022-11-22T21:38:35.361+0000] {processor.py:154} INFO - Started process (PID=19478) to work on /opt/airflow/dags/plugins/workday.py
[2022-11-22T21:38:35.362+0000] {processor.py:756} INFO - Processing file /opt/airflow/dags/plugins/workday.py for tasks to queue
[2022-11-22T21:38:35.363+0000] {logging_mixin.py:137} INFO - [2022-11-22T21:38:35.363+0000] {dagbag.py:537} INFO - Filling up the DagBag from /opt/airflow/dags/plugins/workday.py
[2022-11-22T21:38:35.368+0000] {processor.py:768} WARNING - No viable dags retrieved from /opt/airflow/dags/plugins/workday.py
[2022-11-22T21:38:35.380+0000] {processor.py:176} INFO - Processing /opt/airflow/dags/plugins/workday.py took 0.022 seconds
[2022-11-22T21:39:06.365+0000] {processor.py:154} INFO - Started process (PID=19666) to work on /opt/airflow/dags/plugins/workday.py
[2022-11-22T21:39:06.366+0000] {processor.py:756} INFO - Processing file /opt/airflow/dags/plugins/workday.py for tasks to queue
[2022-11-22T21:39:06.367+0000] {logging_mixin.py:137} INFO - [2022-11-22T21:39:06.367+0000] {dagbag.py:537} INFO - Filling up the DagBag from /opt/airflow/dags/plugins/workday.py
[2022-11-22T21:39:06.373+0000] {processor.py:768} WARNING - No viable dags retrieved from /opt/airflow/dags/plugins/workday.py
[2022-11-22T21:39:06.386+0000] {processor.py:176} INFO - Processing /opt/airflow/dags/plugins/workday.py took 0.024 seconds
[2022-11-22T21:39:37.151+0000] {processor.py:154} INFO - Started process (PID=19858) to work on /opt/airflow/dags/plugins/workday.py
[2022-11-22T21:39:37.153+0000] {processor.py:756} INFO - Processing file /opt/airflow/dags/plugins/workday.py for tasks to queue
[2022-11-22T21:39:37.155+0000] {logging_mixin.py:137} INFO - [2022-11-22T21:39:37.155+0000] {dagbag.py:537} INFO - Filling up the DagBag from /opt/airflow/dags/plugins/workday.py
[2022-11-22T21:39:37.160+0000] {processor.py:768} WARNING - No viable dags retrieved from /opt/airflow/dags/plugins/workday.py
[2022-11-22T21:39:37.171+0000] {processor.py:176} INFO - Processing /opt/airflow/dags/plugins/workday.py took 0.022 seconds
[2022-11-22T21:40:08.006+0000] {processor.py:154} INFO - Started process (PID=20046) to work on /opt/airflow/dags/plugins/workday.py
[2022-11-22T21:40:08.008+0000] {processor.py:756} INFO - Processing file /opt/airflow/dags/plugins/workday.py for tasks to queue
[2022-11-22T21:40:08.009+0000] {logging_mixin.py:137} INFO - [2022-11-22T21:40:08.009+0000] {dagbag.py:537} INFO - Filling up the DagBag from /opt/airflow/dags/plugins/workday.py
[2022-11-22T21:40:08.014+0000] {processor.py:768} WARNING - No viable dags retrieved from /opt/airflow/dags/plugins/workday.py
[2022-11-22T21:40:08.025+0000] {processor.py:176} INFO - Processing /opt/airflow/dags/plugins/workday.py took 0.021 seconds
[2022-11-22T21:40:39.217+0000] {processor.py:154} INFO - Started process (PID=20236) to work on /opt/airflow/dags/plugins/workday.py
[2022-11-22T21:40:39.223+0000] {processor.py:756} INFO - Processing file /opt/airflow/dags/plugins/workday.py for tasks to queue
[2022-11-22T21:40:39.225+0000] {logging_mixin.py:137} INFO - [2022-11-22T21:40:39.225+0000] {dagbag.py:537} INFO - Filling up the DagBag from /opt/airflow/dags/plugins/workday.py
[2022-11-22T21:40:39.232+0000] {processor.py:768} WARNING - No viable dags retrieved from /opt/airflow/dags/plugins/workday.py
[2022-11-22T21:40:39.245+0000] {processor.py:176} INFO - Processing /opt/airflow/dags/plugins/workday.py took 0.030 seconds
[2022-11-22T21:41:10.307+0000] {processor.py:154} INFO - Started process (PID=20426) to work on /opt/airflow/dags/plugins/workday.py
[2022-11-22T21:41:10.309+0000] {processor.py:756} INFO - Processing file /opt/airflow/dags/plugins/workday.py for tasks to queue
[2022-11-22T21:41:10.310+0000] {logging_mixin.py:137} INFO - [2022-11-22T21:41:10.310+0000] {dagbag.py:537} INFO - Filling up the DagBag from /opt/airflow/dags/plugins/workday.py
[2022-11-22T21:41:10.315+0000] {processor.py:768} WARNING - No viable dags retrieved from /opt/airflow/dags/plugins/workday.py
[2022-11-22T21:41:10.326+0000] {processor.py:176} INFO - Processing /opt/airflow/dags/plugins/workday.py took 0.022 seconds
[2022-11-22T21:41:41.409+0000] {processor.py:154} INFO - Started process (PID=20616) to work on /opt/airflow/dags/plugins/workday.py
[2022-11-22T21:41:41.411+0000] {processor.py:756} INFO - Processing file /opt/airflow/dags/plugins/workday.py for tasks to queue
[2022-11-22T21:41:41.413+0000] {logging_mixin.py:137} INFO - [2022-11-22T21:41:41.413+0000] {dagbag.py:537} INFO - Filling up the DagBag from /opt/airflow/dags/plugins/workday.py
[2022-11-22T21:41:41.423+0000] {processor.py:768} WARNING - No viable dags retrieved from /opt/airflow/dags/plugins/workday.py
[2022-11-22T21:41:41.437+0000] {processor.py:176} INFO - Processing /opt/airflow/dags/plugins/workday.py took 0.030 seconds
[2022-11-22T21:42:12.572+0000] {processor.py:154} INFO - Started process (PID=20806) to work on /opt/airflow/dags/plugins/workday.py
[2022-11-22T21:42:12.573+0000] {processor.py:756} INFO - Processing file /opt/airflow/dags/plugins/workday.py for tasks to queue
[2022-11-22T21:42:12.575+0000] {logging_mixin.py:137} INFO - [2022-11-22T21:42:12.575+0000] {dagbag.py:537} INFO - Filling up the DagBag from /opt/airflow/dags/plugins/workday.py
[2022-11-22T21:42:12.581+0000] {processor.py:768} WARNING - No viable dags retrieved from /opt/airflow/dags/plugins/workday.py
[2022-11-22T21:42:12.594+0000] {processor.py:176} INFO - Processing /opt/airflow/dags/plugins/workday.py took 0.024 seconds
[2022-11-22T21:42:43.887+0000] {processor.py:154} INFO - Started process (PID=20996) to work on /opt/airflow/dags/plugins/workday.py
[2022-11-22T21:42:43.891+0000] {processor.py:756} INFO - Processing file /opt/airflow/dags/plugins/workday.py for tasks to queue
[2022-11-22T21:42:43.892+0000] {logging_mixin.py:137} INFO - [2022-11-22T21:42:43.892+0000] {dagbag.py:537} INFO - Filling up the DagBag from /opt/airflow/dags/plugins/workday.py
[2022-11-22T21:42:43.898+0000] {processor.py:768} WARNING - No viable dags retrieved from /opt/airflow/dags/plugins/workday.py
[2022-11-22T21:42:43.909+0000] {processor.py:176} INFO - Processing /opt/airflow/dags/plugins/workday.py took 0.025 seconds
[2022-11-22T21:43:14.421+0000] {processor.py:154} INFO - Started process (PID=21181) to work on /opt/airflow/dags/plugins/workday.py
[2022-11-22T21:43:14.423+0000] {processor.py:756} INFO - Processing file /opt/airflow/dags/plugins/workday.py for tasks to queue
[2022-11-22T21:43:14.425+0000] {logging_mixin.py:137} INFO - [2022-11-22T21:43:14.425+0000] {dagbag.py:537} INFO - Filling up the DagBag from /opt/airflow/dags/plugins/workday.py
[2022-11-22T21:43:14.432+0000] {processor.py:768} WARNING - No viable dags retrieved from /opt/airflow/dags/plugins/workday.py
[2022-11-22T21:43:14.444+0000] {processor.py:176} INFO - Processing /opt/airflow/dags/plugins/workday.py took 0.026 seconds
[2022-11-22T21:43:44.677+0000] {processor.py:154} INFO - Started process (PID=21371) to work on /opt/airflow/dags/plugins/workday.py
[2022-11-22T21:43:44.679+0000] {processor.py:756} INFO - Processing file /opt/airflow/dags/plugins/workday.py for tasks to queue
[2022-11-22T21:43:44.681+0000] {logging_mixin.py:137} INFO - [2022-11-22T21:43:44.680+0000] {dagbag.py:537} INFO - Filling up the DagBag from /opt/airflow/dags/plugins/workday.py
[2022-11-22T21:43:44.687+0000] {processor.py:768} WARNING - No viable dags retrieved from /opt/airflow/dags/plugins/workday.py
[2022-11-22T21:43:44.714+0000] {processor.py:176} INFO - Processing /opt/airflow/dags/plugins/workday.py took 0.040 seconds
[2022-11-22T21:44:15.770+0000] {processor.py:154} INFO - Started process (PID=21561) to work on /opt/airflow/dags/plugins/workday.py
[2022-11-22T21:44:15.772+0000] {processor.py:756} INFO - Processing file /opt/airflow/dags/plugins/workday.py for tasks to queue
[2022-11-22T21:44:15.773+0000] {logging_mixin.py:137} INFO - [2022-11-22T21:44:15.773+0000] {dagbag.py:537} INFO - Filling up the DagBag from /opt/airflow/dags/plugins/workday.py
[2022-11-22T21:44:15.781+0000] {processor.py:768} WARNING - No viable dags retrieved from /opt/airflow/dags/plugins/workday.py
[2022-11-22T21:44:15.793+0000] {processor.py:176} INFO - Processing /opt/airflow/dags/plugins/workday.py took 0.025 seconds
[2022-11-22T21:44:45.963+0000] {processor.py:154} INFO - Started process (PID=21751) to work on /opt/airflow/dags/plugins/workday.py
[2022-11-22T21:44:45.982+0000] {processor.py:756} INFO - Processing file /opt/airflow/dags/plugins/workday.py for tasks to queue
[2022-11-22T21:44:46.012+0000] {logging_mixin.py:137} INFO - [2022-11-22T21:44:46.012+0000] {dagbag.py:537} INFO - Filling up the DagBag from /opt/airflow/dags/plugins/workday.py
[2022-11-22T21:44:46.041+0000] {processor.py:768} WARNING - No viable dags retrieved from /opt/airflow/dags/plugins/workday.py
[2022-11-22T21:44:46.060+0000] {processor.py:176} INFO - Processing /opt/airflow/dags/plugins/workday.py took 0.100 seconds
[2022-11-22T21:45:16.772+0000] {processor.py:154} INFO - Started process (PID=21941) to work on /opt/airflow/dags/plugins/workday.py
[2022-11-22T21:45:16.774+0000] {processor.py:756} INFO - Processing file /opt/airflow/dags/plugins/workday.py for tasks to queue
[2022-11-22T21:45:16.776+0000] {logging_mixin.py:137} INFO - [2022-11-22T21:45:16.775+0000] {dagbag.py:537} INFO - Filling up the DagBag from /opt/airflow/dags/plugins/workday.py
[2022-11-22T21:45:16.782+0000] {processor.py:768} WARNING - No viable dags retrieved from /opt/airflow/dags/plugins/workday.py
[2022-11-22T21:45:16.795+0000] {processor.py:176} INFO - Processing /opt/airflow/dags/plugins/workday.py took 0.026 seconds
[2022-11-22T21:45:47.797+0000] {processor.py:154} INFO - Started process (PID=22133) to work on /opt/airflow/dags/plugins/workday.py
[2022-11-22T21:45:47.798+0000] {processor.py:756} INFO - Processing file /opt/airflow/dags/plugins/workday.py for tasks to queue
[2022-11-22T21:45:47.800+0000] {logging_mixin.py:137} INFO - [2022-11-22T21:45:47.800+0000] {dagbag.py:537} INFO - Filling up the DagBag from /opt/airflow/dags/plugins/workday.py
[2022-11-22T21:45:47.806+0000] {processor.py:768} WARNING - No viable dags retrieved from /opt/airflow/dags/plugins/workday.py
[2022-11-22T21:45:47.817+0000] {processor.py:176} INFO - Processing /opt/airflow/dags/plugins/workday.py took 0.023 seconds
[2022-11-22T21:46:18.556+0000] {processor.py:154} INFO - Started process (PID=22321) to work on /opt/airflow/dags/plugins/workday.py
[2022-11-22T21:46:18.558+0000] {processor.py:756} INFO - Processing file /opt/airflow/dags/plugins/workday.py for tasks to queue
[2022-11-22T21:46:18.560+0000] {logging_mixin.py:137} INFO - [2022-11-22T21:46:18.559+0000] {dagbag.py:537} INFO - Filling up the DagBag from /opt/airflow/dags/plugins/workday.py
[2022-11-22T21:46:18.565+0000] {processor.py:768} WARNING - No viable dags retrieved from /opt/airflow/dags/plugins/workday.py
[2022-11-22T21:46:18.577+0000] {processor.py:176} INFO - Processing /opt/airflow/dags/plugins/workday.py took 0.024 seconds
[2022-11-22T21:46:49.609+0000] {processor.py:154} INFO - Started process (PID=22511) to work on /opt/airflow/dags/plugins/workday.py
[2022-11-22T21:46:49.611+0000] {processor.py:756} INFO - Processing file /opt/airflow/dags/plugins/workday.py for tasks to queue
[2022-11-22T21:46:49.613+0000] {logging_mixin.py:137} INFO - [2022-11-22T21:46:49.612+0000] {dagbag.py:537} INFO - Filling up the DagBag from /opt/airflow/dags/plugins/workday.py
[2022-11-22T21:46:49.618+0000] {processor.py:768} WARNING - No viable dags retrieved from /opt/airflow/dags/plugins/workday.py
[2022-11-22T21:46:49.628+0000] {processor.py:176} INFO - Processing /opt/airflow/dags/plugins/workday.py took 0.021 seconds
[2022-11-22T21:47:19.887+0000] {processor.py:154} INFO - Started process (PID=22701) to work on /opt/airflow/dags/plugins/workday.py
[2022-11-22T21:47:19.889+0000] {processor.py:756} INFO - Processing file /opt/airflow/dags/plugins/workday.py for tasks to queue
[2022-11-22T21:47:19.890+0000] {logging_mixin.py:137} INFO - [2022-11-22T21:47:19.890+0000] {dagbag.py:537} INFO - Filling up the DagBag from /opt/airflow/dags/plugins/workday.py
[2022-11-22T21:47:19.895+0000] {processor.py:768} WARNING - No viable dags retrieved from /opt/airflow/dags/plugins/workday.py
[2022-11-22T21:47:19.906+0000] {processor.py:176} INFO - Processing /opt/airflow/dags/plugins/workday.py took 0.021 seconds
[2022-11-22T21:47:50.033+0000] {processor.py:154} INFO - Started process (PID=22891) to work on /opt/airflow/dags/plugins/workday.py
[2022-11-22T21:47:50.035+0000] {processor.py:756} INFO - Processing file /opt/airflow/dags/plugins/workday.py for tasks to queue
[2022-11-22T21:47:50.037+0000] {logging_mixin.py:137} INFO - [2022-11-22T21:47:50.037+0000] {dagbag.py:537} INFO - Filling up the DagBag from /opt/airflow/dags/plugins/workday.py
[2022-11-22T21:47:50.042+0000] {processor.py:768} WARNING - No viable dags retrieved from /opt/airflow/dags/plugins/workday.py
[2022-11-22T21:47:50.055+0000] {processor.py:176} INFO - Processing /opt/airflow/dags/plugins/workday.py took 0.024 seconds
[2022-11-22T21:48:20.956+0000] {processor.py:154} INFO - Started process (PID=23081) to work on /opt/airflow/dags/plugins/workday.py
[2022-11-22T21:48:20.958+0000] {processor.py:756} INFO - Processing file /opt/airflow/dags/plugins/workday.py for tasks to queue
[2022-11-22T21:48:20.959+0000] {logging_mixin.py:137} INFO - [2022-11-22T21:48:20.959+0000] {dagbag.py:537} INFO - Filling up the DagBag from /opt/airflow/dags/plugins/workday.py
[2022-11-22T21:48:20.964+0000] {processor.py:768} WARNING - No viable dags retrieved from /opt/airflow/dags/plugins/workday.py
[2022-11-22T21:48:20.975+0000] {processor.py:176} INFO - Processing /opt/airflow/dags/plugins/workday.py took 0.022 seconds
[2022-11-22T21:48:52.112+0000] {processor.py:154} INFO - Started process (PID=23271) to work on /opt/airflow/dags/plugins/workday.py
[2022-11-22T21:48:52.113+0000] {processor.py:756} INFO - Processing file /opt/airflow/dags/plugins/workday.py for tasks to queue
[2022-11-22T21:48:52.115+0000] {logging_mixin.py:137} INFO - [2022-11-22T21:48:52.115+0000] {dagbag.py:537} INFO - Filling up the DagBag from /opt/airflow/dags/plugins/workday.py
[2022-11-22T21:48:52.121+0000] {processor.py:768} WARNING - No viable dags retrieved from /opt/airflow/dags/plugins/workday.py
[2022-11-22T21:48:52.133+0000] {processor.py:176} INFO - Processing /opt/airflow/dags/plugins/workday.py took 0.023 seconds
[2022-11-22T21:49:22.625+0000] {processor.py:154} INFO - Started process (PID=23463) to work on /opt/airflow/dags/plugins/workday.py
[2022-11-22T21:49:22.628+0000] {processor.py:756} INFO - Processing file /opt/airflow/dags/plugins/workday.py for tasks to queue
[2022-11-22T21:49:22.629+0000] {logging_mixin.py:137} INFO - [2022-11-22T21:49:22.629+0000] {dagbag.py:537} INFO - Filling up the DagBag from /opt/airflow/dags/plugins/workday.py
[2022-11-22T21:49:22.635+0000] {processor.py:768} WARNING - No viable dags retrieved from /opt/airflow/dags/plugins/workday.py
[2022-11-22T21:49:22.647+0000] {processor.py:176} INFO - Processing /opt/airflow/dags/plugins/workday.py took 0.024 seconds
[2022-11-22T21:49:53.602+0000] {processor.py:154} INFO - Started process (PID=23653) to work on /opt/airflow/dags/plugins/workday.py
[2022-11-22T21:49:53.604+0000] {processor.py:756} INFO - Processing file /opt/airflow/dags/plugins/workday.py for tasks to queue
[2022-11-22T21:49:53.606+0000] {logging_mixin.py:137} INFO - [2022-11-22T21:49:53.605+0000] {dagbag.py:537} INFO - Filling up the DagBag from /opt/airflow/dags/plugins/workday.py
[2022-11-22T21:49:53.612+0000] {processor.py:768} WARNING - No viable dags retrieved from /opt/airflow/dags/plugins/workday.py
[2022-11-22T21:49:53.624+0000] {processor.py:176} INFO - Processing /opt/airflow/dags/plugins/workday.py took 0.024 seconds
[2022-11-22T21:50:23.752+0000] {processor.py:154} INFO - Started process (PID=23843) to work on /opt/airflow/dags/plugins/workday.py
[2022-11-22T21:50:23.753+0000] {processor.py:756} INFO - Processing file /opt/airflow/dags/plugins/workday.py for tasks to queue
[2022-11-22T21:50:23.755+0000] {logging_mixin.py:137} INFO - [2022-11-22T21:50:23.755+0000] {dagbag.py:537} INFO - Filling up the DagBag from /opt/airflow/dags/plugins/workday.py
[2022-11-22T21:50:23.761+0000] {processor.py:768} WARNING - No viable dags retrieved from /opt/airflow/dags/plugins/workday.py
[2022-11-22T21:50:23.771+0000] {processor.py:176} INFO - Processing /opt/airflow/dags/plugins/workday.py took 0.022 seconds
[2022-11-22T21:50:55.099+0000] {processor.py:154} INFO - Started process (PID=24031) to work on /opt/airflow/dags/plugins/workday.py
[2022-11-22T21:50:55.101+0000] {processor.py:756} INFO - Processing file /opt/airflow/dags/plugins/workday.py for tasks to queue
[2022-11-22T21:50:55.103+0000] {logging_mixin.py:137} INFO - [2022-11-22T21:50:55.103+0000] {dagbag.py:537} INFO - Filling up the DagBag from /opt/airflow/dags/plugins/workday.py
[2022-11-22T21:50:55.112+0000] {processor.py:768} WARNING - No viable dags retrieved from /opt/airflow/dags/plugins/workday.py
[2022-11-22T21:50:55.122+0000] {processor.py:176} INFO - Processing /opt/airflow/dags/plugins/workday.py took 0.026 seconds
[2022-11-22T21:51:25.266+0000] {processor.py:154} INFO - Started process (PID=24221) to work on /opt/airflow/dags/plugins/workday.py
[2022-11-22T21:51:25.268+0000] {processor.py:756} INFO - Processing file /opt/airflow/dags/plugins/workday.py for tasks to queue
[2022-11-22T21:51:25.270+0000] {logging_mixin.py:137} INFO - [2022-11-22T21:51:25.270+0000] {dagbag.py:537} INFO - Filling up the DagBag from /opt/airflow/dags/plugins/workday.py
[2022-11-22T21:51:25.279+0000] {processor.py:768} WARNING - No viable dags retrieved from /opt/airflow/dags/plugins/workday.py
[2022-11-22T21:51:25.291+0000] {processor.py:176} INFO - Processing /opt/airflow/dags/plugins/workday.py took 0.029 seconds
[2022-11-22T21:51:56.402+0000] {processor.py:154} INFO - Started process (PID=24411) to work on /opt/airflow/dags/plugins/workday.py
[2022-11-22T21:51:56.404+0000] {processor.py:756} INFO - Processing file /opt/airflow/dags/plugins/workday.py for tasks to queue
[2022-11-22T21:51:56.406+0000] {logging_mixin.py:137} INFO - [2022-11-22T21:51:56.406+0000] {dagbag.py:537} INFO - Filling up the DagBag from /opt/airflow/dags/plugins/workday.py
[2022-11-22T21:51:56.413+0000] {processor.py:768} WARNING - No viable dags retrieved from /opt/airflow/dags/plugins/workday.py
[2022-11-22T21:51:56.422+0000] {processor.py:176} INFO - Processing /opt/airflow/dags/plugins/workday.py took 0.024 seconds
[2022-11-22T21:52:26.691+0000] {processor.py:154} INFO - Started process (PID=24601) to work on /opt/airflow/dags/plugins/workday.py
[2022-11-22T21:52:26.693+0000] {processor.py:756} INFO - Processing file /opt/airflow/dags/plugins/workday.py for tasks to queue
[2022-11-22T21:52:26.695+0000] {logging_mixin.py:137} INFO - [2022-11-22T21:52:26.695+0000] {dagbag.py:537} INFO - Filling up the DagBag from /opt/airflow/dags/plugins/workday.py
[2022-11-22T21:52:26.700+0000] {processor.py:768} WARNING - No viable dags retrieved from /opt/airflow/dags/plugins/workday.py
[2022-11-22T21:52:26.711+0000] {processor.py:176} INFO - Processing /opt/airflow/dags/plugins/workday.py took 0.023 seconds
[2022-11-22T21:52:57.652+0000] {processor.py:154} INFO - Started process (PID=24793) to work on /opt/airflow/dags/plugins/workday.py
[2022-11-22T21:52:57.654+0000] {processor.py:756} INFO - Processing file /opt/airflow/dags/plugins/workday.py for tasks to queue
[2022-11-22T21:52:57.655+0000] {logging_mixin.py:137} INFO - [2022-11-22T21:52:57.655+0000] {dagbag.py:537} INFO - Filling up the DagBag from /opt/airflow/dags/plugins/workday.py
[2022-11-22T21:52:57.660+0000] {processor.py:768} WARNING - No viable dags retrieved from /opt/airflow/dags/plugins/workday.py
[2022-11-22T21:52:57.671+0000] {processor.py:176} INFO - Processing /opt/airflow/dags/plugins/workday.py took 0.021 seconds
[2022-11-22T21:53:27.849+0000] {processor.py:154} INFO - Started process (PID=24981) to work on /opt/airflow/dags/plugins/workday.py
[2022-11-22T21:53:27.851+0000] {processor.py:756} INFO - Processing file /opt/airflow/dags/plugins/workday.py for tasks to queue
[2022-11-22T21:53:27.852+0000] {logging_mixin.py:137} INFO - [2022-11-22T21:53:27.852+0000] {dagbag.py:537} INFO - Filling up the DagBag from /opt/airflow/dags/plugins/workday.py
[2022-11-22T21:53:27.857+0000] {processor.py:768} WARNING - No viable dags retrieved from /opt/airflow/dags/plugins/workday.py
[2022-11-22T21:53:27.869+0000] {processor.py:176} INFO - Processing /opt/airflow/dags/plugins/workday.py took 0.023 seconds
[2022-11-22T21:53:58.991+0000] {processor.py:154} INFO - Started process (PID=25171) to work on /opt/airflow/dags/plugins/workday.py
[2022-11-22T21:53:58.993+0000] {processor.py:756} INFO - Processing file /opt/airflow/dags/plugins/workday.py for tasks to queue
[2022-11-22T21:53:58.995+0000] {logging_mixin.py:137} INFO - [2022-11-22T21:53:58.995+0000] {dagbag.py:537} INFO - Filling up the DagBag from /opt/airflow/dags/plugins/workday.py
[2022-11-22T21:53:59.000+0000] {processor.py:768} WARNING - No viable dags retrieved from /opt/airflow/dags/plugins/workday.py
[2022-11-22T21:53:59.011+0000] {processor.py:176} INFO - Processing /opt/airflow/dags/plugins/workday.py took 0.023 seconds
[2022-11-22T21:54:29.170+0000] {processor.py:154} INFO - Started process (PID=25361) to work on /opt/airflow/dags/plugins/workday.py
[2022-11-22T21:54:29.172+0000] {processor.py:756} INFO - Processing file /opt/airflow/dags/plugins/workday.py for tasks to queue
[2022-11-22T21:54:29.173+0000] {logging_mixin.py:137} INFO - [2022-11-22T21:54:29.173+0000] {dagbag.py:537} INFO - Filling up the DagBag from /opt/airflow/dags/plugins/workday.py
[2022-11-22T21:54:29.178+0000] {processor.py:768} WARNING - No viable dags retrieved from /opt/airflow/dags/plugins/workday.py
[2022-11-22T21:54:29.189+0000] {processor.py:176} INFO - Processing /opt/airflow/dags/plugins/workday.py took 0.022 seconds
[2022-11-22T21:55:00.260+0000] {processor.py:154} INFO - Started process (PID=25551) to work on /opt/airflow/dags/plugins/workday.py
[2022-11-22T21:55:00.262+0000] {processor.py:756} INFO - Processing file /opt/airflow/dags/plugins/workday.py for tasks to queue
[2022-11-22T21:55:00.273+0000] {logging_mixin.py:137} INFO - [2022-11-22T21:55:00.273+0000] {dagbag.py:537} INFO - Filling up the DagBag from /opt/airflow/dags/plugins/workday.py
[2022-11-22T21:55:00.279+0000] {processor.py:768} WARNING - No viable dags retrieved from /opt/airflow/dags/plugins/workday.py
[2022-11-22T21:55:00.291+0000] {processor.py:176} INFO - Processing /opt/airflow/dags/plugins/workday.py took 0.034 seconds
[2022-11-22T21:55:30.665+0000] {processor.py:154} INFO - Started process (PID=25743) to work on /opt/airflow/dags/plugins/workday.py
[2022-11-22T21:55:30.667+0000] {processor.py:756} INFO - Processing file /opt/airflow/dags/plugins/workday.py for tasks to queue
[2022-11-22T21:55:30.668+0000] {logging_mixin.py:137} INFO - [2022-11-22T21:55:30.668+0000] {dagbag.py:537} INFO - Filling up the DagBag from /opt/airflow/dags/plugins/workday.py
[2022-11-22T21:55:30.673+0000] {processor.py:768} WARNING - No viable dags retrieved from /opt/airflow/dags/plugins/workday.py
[2022-11-22T21:55:30.685+0000] {processor.py:176} INFO - Processing /opt/airflow/dags/plugins/workday.py took 0.022 seconds
[2022-11-22T21:56:01.612+0000] {processor.py:154} INFO - Started process (PID=25931) to work on /opt/airflow/dags/plugins/workday.py
[2022-11-22T21:56:01.614+0000] {processor.py:756} INFO - Processing file /opt/airflow/dags/plugins/workday.py for tasks to queue
[2022-11-22T21:56:01.615+0000] {logging_mixin.py:137} INFO - [2022-11-22T21:56:01.615+0000] {dagbag.py:537} INFO - Filling up the DagBag from /opt/airflow/dags/plugins/workday.py
[2022-11-22T21:56:01.620+0000] {processor.py:768} WARNING - No viable dags retrieved from /opt/airflow/dags/plugins/workday.py
[2022-11-22T21:56:01.630+0000] {processor.py:176} INFO - Processing /opt/airflow/dags/plugins/workday.py took 0.020 seconds
[2022-11-22T21:56:32.663+0000] {processor.py:154} INFO - Started process (PID=26123) to work on /opt/airflow/dags/plugins/workday.py
[2022-11-22T21:56:32.665+0000] {processor.py:756} INFO - Processing file /opt/airflow/dags/plugins/workday.py for tasks to queue
[2022-11-22T21:56:32.666+0000] {logging_mixin.py:137} INFO - [2022-11-22T21:56:32.666+0000] {dagbag.py:537} INFO - Filling up the DagBag from /opt/airflow/dags/plugins/workday.py
[2022-11-22T21:56:32.672+0000] {processor.py:768} WARNING - No viable dags retrieved from /opt/airflow/dags/plugins/workday.py
[2022-11-22T21:56:32.683+0000] {processor.py:176} INFO - Processing /opt/airflow/dags/plugins/workday.py took 0.023 seconds
