[2022-11-22T20:50:36.454+0000] {taskinstance.py:1165} INFO - Dependencies all met for <TaskInstance: example_complex.lookup_entry_result manual__2022-11-22T20:50:27.752242+00:00 [queued]>
[2022-11-22T20:50:36.505+0000] {taskinstance.py:1165} INFO - Dependencies all met for <TaskInstance: example_complex.lookup_entry_result manual__2022-11-22T20:50:27.752242+00:00 [queued]>
[2022-11-22T20:50:36.507+0000] {taskinstance.py:1362} INFO - 
--------------------------------------------------------------------------------
[2022-11-22T20:50:36.508+0000] {taskinstance.py:1363} INFO - Starting attempt 1 of 1
[2022-11-22T20:50:36.514+0000] {taskinstance.py:1364} INFO - 
--------------------------------------------------------------------------------
[2022-11-22T20:50:36.541+0000] {taskinstance.py:1383} INFO - Executing <Task(BashOperator): lookup_entry_result> on 2022-11-22 20:50:27.752242+00:00
[2022-11-22T20:50:36.610+0000] {standard_task_runner.py:55} INFO - Started process 1557 to run task
[2022-11-22T20:50:36.677+0000] {standard_task_runner.py:82} INFO - Running: ['***', 'tasks', 'run', 'example_complex', 'lookup_entry_result', 'manual__2022-11-22T20:50:27.752242+00:00', '--job-id', '16', '--raw', '--subdir', 'DAGS_FOLDER/example_complex.py', '--cfg-path', '/tmp/tmpzg0xe_q3']
[2022-11-22T20:50:36.715+0000] {standard_task_runner.py:83} INFO - Job 16: Subtask lookup_entry_result
[2022-11-22T20:50:36.967+0000] {task_command.py:376} INFO - Running <TaskInstance: example_complex.lookup_entry_result manual__2022-11-22T20:50:27.752242+00:00 [running]> on host 1a61e3e7cd0f
[2022-11-22T20:50:37.144+0000] {taskinstance.py:1590} INFO - Exporting the following env vars:
AIRFLOW_CTX_DAG_OWNER=***
AIRFLOW_CTX_DAG_ID=example_complex
AIRFLOW_CTX_TASK_ID=lookup_entry_result
AIRFLOW_CTX_EXECUTION_DATE=2022-11-22T20:50:27.752242+00:00
AIRFLOW_CTX_TRY_NUMBER=1
AIRFLOW_CTX_DAG_RUN_ID=manual__2022-11-22T20:50:27.752242+00:00
[2022-11-22T20:50:37.175+0000] {subprocess.py:63} INFO - Tmp dir root location: 
 /tmp
[2022-11-22T20:50:37.194+0000] {subprocess.py:75} INFO - Running command: ['/bin/bash', '-c', 'echo lookup_entry_result']
[2022-11-22T20:50:37.238+0000] {subprocess.py:86} INFO - Output:
[2022-11-22T20:50:37.245+0000] {subprocess.py:93} INFO - lookup_entry_result
[2022-11-22T20:50:37.249+0000] {subprocess.py:97} INFO - Command exited with return code 0
[2022-11-22T20:50:37.306+0000] {taskinstance.py:1401} INFO - Marking task as SUCCESS. dag_id=example_complex, task_id=lookup_entry_result, execution_date=20221122T205027, start_date=20221122T205036, end_date=20221122T205037
[2022-11-22T20:50:37.381+0000] {local_task_job.py:159} INFO - Task exited with return code 0
[2022-11-22T20:50:37.407+0000] {taskinstance.py:2623} INFO - 0 downstream tasks scheduled from follow-on schedule check
