[2022-11-22T20:50:40.792+0000] {taskinstance.py:1165} INFO - Dependencies all met for <TaskInstance: example_complex.create_tag_result manual__2022-11-22T20:50:27.752242+00:00 [queued]>
[2022-11-22T20:50:40.817+0000] {taskinstance.py:1165} INFO - Dependencies all met for <TaskInstance: example_complex.create_tag_result manual__2022-11-22T20:50:27.752242+00:00 [queued]>
[2022-11-22T20:50:40.818+0000] {taskinstance.py:1362} INFO - 
--------------------------------------------------------------------------------
[2022-11-22T20:50:40.820+0000] {taskinstance.py:1363} INFO - Starting attempt 1 of 1
[2022-11-22T20:50:40.821+0000] {taskinstance.py:1364} INFO - 
--------------------------------------------------------------------------------
[2022-11-22T20:50:40.833+0000] {taskinstance.py:1383} INFO - Executing <Task(BashOperator): create_tag_result> on 2022-11-22 20:50:27.752242+00:00
[2022-11-22T20:50:40.843+0000] {standard_task_runner.py:55} INFO - Started process 1594 to run task
[2022-11-22T20:50:40.848+0000] {standard_task_runner.py:82} INFO - Running: ['***', 'tasks', 'run', 'example_complex', 'create_tag_result', 'manual__2022-11-22T20:50:27.752242+00:00', '--job-id', '31', '--raw', '--subdir', 'DAGS_FOLDER/example_complex.py', '--cfg-path', '/tmp/tmpo9xr22ya']
[2022-11-22T20:50:40.852+0000] {standard_task_runner.py:83} INFO - Job 31: Subtask create_tag_result
[2022-11-22T20:50:40.973+0000] {task_command.py:376} INFO - Running <TaskInstance: example_complex.create_tag_result manual__2022-11-22T20:50:27.752242+00:00 [running]> on host 1a61e3e7cd0f
[2022-11-22T20:50:41.079+0000] {taskinstance.py:1590} INFO - Exporting the following env vars:
AIRFLOW_CTX_DAG_OWNER=***
AIRFLOW_CTX_DAG_ID=example_complex
AIRFLOW_CTX_TASK_ID=create_tag_result
AIRFLOW_CTX_EXECUTION_DATE=2022-11-22T20:50:27.752242+00:00
AIRFLOW_CTX_TRY_NUMBER=1
AIRFLOW_CTX_DAG_RUN_ID=manual__2022-11-22T20:50:27.752242+00:00
[2022-11-22T20:50:41.081+0000] {subprocess.py:63} INFO - Tmp dir root location: 
 /tmp
[2022-11-22T20:50:41.084+0000] {subprocess.py:75} INFO - Running command: ['/bin/bash', '-c', 'echo create_tag_result']
[2022-11-22T20:50:41.101+0000] {subprocess.py:86} INFO - Output:
[2022-11-22T20:50:41.105+0000] {subprocess.py:93} INFO - create_tag_result
[2022-11-22T20:50:41.106+0000] {subprocess.py:97} INFO - Command exited with return code 0
[2022-11-22T20:50:41.143+0000] {taskinstance.py:1401} INFO - Marking task as SUCCESS. dag_id=example_complex, task_id=create_tag_result, execution_date=20221122T205027, start_date=20221122T205040, end_date=20221122T205041
[2022-11-22T20:50:41.194+0000] {local_task_job.py:159} INFO - Task exited with return code 0
[2022-11-22T20:50:41.216+0000] {taskinstance.py:2623} INFO - 0 downstream tasks scheduled from follow-on schedule check
