[2022-11-22T20:50:33.536+0000] {taskinstance.py:1165} INFO - Dependencies all met for <TaskInstance: example_complex.update_entry manual__2022-11-22T20:50:27.752242+00:00 [queued]>
[2022-11-22T20:50:33.554+0000] {taskinstance.py:1165} INFO - Dependencies all met for <TaskInstance: example_complex.update_entry manual__2022-11-22T20:50:27.752242+00:00 [queued]>
[2022-11-22T20:50:33.556+0000] {taskinstance.py:1362} INFO - 
--------------------------------------------------------------------------------
[2022-11-22T20:50:33.557+0000] {taskinstance.py:1363} INFO - Starting attempt 1 of 1
[2022-11-22T20:50:33.557+0000] {taskinstance.py:1364} INFO - 
--------------------------------------------------------------------------------
[2022-11-22T20:50:33.590+0000] {taskinstance.py:1383} INFO - Executing <Task(BashOperator): update_entry> on 2022-11-22 20:50:27.752242+00:00
[2022-11-22T20:50:33.602+0000] {standard_task_runner.py:55} INFO - Started process 1534 to run task
[2022-11-22T20:50:33.617+0000] {standard_task_runner.py:82} INFO - Running: ['***', 'tasks', 'run', 'example_complex', 'update_entry', 'manual__2022-11-22T20:50:27.752242+00:00', '--job-id', '7', '--raw', '--subdir', 'DAGS_FOLDER/example_complex.py', '--cfg-path', '/tmp/tmpc0umb02n']
[2022-11-22T20:50:33.670+0000] {standard_task_runner.py:83} INFO - Job 7: Subtask update_entry
[2022-11-22T20:50:34.065+0000] {task_command.py:376} INFO - Running <TaskInstance: example_complex.update_entry manual__2022-11-22T20:50:27.752242+00:00 [running]> on host 1a61e3e7cd0f
[2022-11-22T20:50:34.479+0000] {taskinstance.py:1590} INFO - Exporting the following env vars:
AIRFLOW_CTX_DAG_OWNER=***
AIRFLOW_CTX_DAG_ID=example_complex
AIRFLOW_CTX_TASK_ID=update_entry
AIRFLOW_CTX_EXECUTION_DATE=2022-11-22T20:50:27.752242+00:00
AIRFLOW_CTX_TRY_NUMBER=1
AIRFLOW_CTX_DAG_RUN_ID=manual__2022-11-22T20:50:27.752242+00:00
[2022-11-22T20:50:34.512+0000] {subprocess.py:63} INFO - Tmp dir root location: 
 /tmp
[2022-11-22T20:50:34.516+0000] {subprocess.py:75} INFO - Running command: ['/bin/bash', '-c', 'echo update_entry']
[2022-11-22T20:50:34.606+0000] {subprocess.py:86} INFO - Output:
[2022-11-22T20:50:34.657+0000] {subprocess.py:93} INFO - update_entry
[2022-11-22T20:50:34.659+0000] {subprocess.py:97} INFO - Command exited with return code 0
[2022-11-22T20:50:34.809+0000] {taskinstance.py:1401} INFO - Marking task as SUCCESS. dag_id=example_complex, task_id=update_entry, execution_date=20221122T205027, start_date=20221122T205033, end_date=20221122T205034
[2022-11-22T20:50:34.969+0000] {local_task_job.py:159} INFO - Task exited with return code 0
[2022-11-22T20:50:35.141+0000] {taskinstance.py:2623} INFO - 0 downstream tasks scheduled from follow-on schedule check
