[2022-11-22T20:50:50.302+0000] {taskinstance.py:1165} INFO - Dependencies all met for <TaskInstance: example_complex.delete_entry_group manual__2022-11-22T20:50:27.752242+00:00 [queued]>
[2022-11-22T20:50:50.315+0000] {taskinstance.py:1165} INFO - Dependencies all met for <TaskInstance: example_complex.delete_entry_group manual__2022-11-22T20:50:27.752242+00:00 [queued]>
[2022-11-22T20:50:50.317+0000] {taskinstance.py:1362} INFO - 
--------------------------------------------------------------------------------
[2022-11-22T20:50:50.318+0000] {taskinstance.py:1363} INFO - Starting attempt 1 of 1
[2022-11-22T20:50:50.319+0000] {taskinstance.py:1364} INFO - 
--------------------------------------------------------------------------------
[2022-11-22T20:50:50.338+0000] {taskinstance.py:1383} INFO - Executing <Task(BashOperator): delete_entry_group> on 2022-11-22 20:50:27.752242+00:00
[2022-11-22T20:50:50.382+0000] {standard_task_runner.py:55} INFO - Started process 1618 to run task
[2022-11-22T20:50:50.395+0000] {standard_task_runner.py:82} INFO - Running: ['***', 'tasks', 'run', 'example_complex', 'delete_entry_group', 'manual__2022-11-22T20:50:27.752242+00:00', '--job-id', '37', '--raw', '--subdir', 'DAGS_FOLDER/example_complex.py', '--cfg-path', '/tmp/tmpunfw682x']
[2022-11-22T20:50:50.411+0000] {standard_task_runner.py:83} INFO - Job 37: Subtask delete_entry_group
[2022-11-22T20:50:50.564+0000] {task_command.py:376} INFO - Running <TaskInstance: example_complex.delete_entry_group manual__2022-11-22T20:50:27.752242+00:00 [running]> on host 1a61e3e7cd0f
[2022-11-22T20:50:50.651+0000] {taskinstance.py:1590} INFO - Exporting the following env vars:
AIRFLOW_CTX_DAG_OWNER=***
AIRFLOW_CTX_DAG_ID=example_complex
AIRFLOW_CTX_TASK_ID=delete_entry_group
AIRFLOW_CTX_EXECUTION_DATE=2022-11-22T20:50:27.752242+00:00
AIRFLOW_CTX_TRY_NUMBER=1
AIRFLOW_CTX_DAG_RUN_ID=manual__2022-11-22T20:50:27.752242+00:00
[2022-11-22T20:50:50.655+0000] {subprocess.py:63} INFO - Tmp dir root location: 
 /tmp
[2022-11-22T20:50:50.657+0000] {subprocess.py:75} INFO - Running command: ['/bin/bash', '-c', 'echo delete_entry_group']
[2022-11-22T20:50:50.675+0000] {subprocess.py:86} INFO - Output:
[2022-11-22T20:50:50.686+0000] {subprocess.py:93} INFO - delete_entry_group
[2022-11-22T20:50:50.704+0000] {subprocess.py:97} INFO - Command exited with return code 0
[2022-11-22T20:50:50.748+0000] {taskinstance.py:1401} INFO - Marking task as SUCCESS. dag_id=example_complex, task_id=delete_entry_group, execution_date=20221122T205027, start_date=20221122T205050, end_date=20221122T205050
[2022-11-22T20:50:50.807+0000] {local_task_job.py:159} INFO - Task exited with return code 0
[2022-11-22T20:50:50.834+0000] {taskinstance.py:2623} INFO - 1 downstream tasks scheduled from follow-on schedule check
