[2022-11-22T20:50:40.692+0000] {taskinstance.py:1165} INFO - Dependencies all met for <TaskInstance: example_complex.update_tag manual__2022-11-22T20:50:27.752242+00:00 [queued]>
[2022-11-22T20:50:40.730+0000] {taskinstance.py:1165} INFO - Dependencies all met for <TaskInstance: example_complex.update_tag manual__2022-11-22T20:50:27.752242+00:00 [queued]>
[2022-11-22T20:50:40.739+0000] {taskinstance.py:1362} INFO - 
--------------------------------------------------------------------------------
[2022-11-22T20:50:40.742+0000] {taskinstance.py:1363} INFO - Starting attempt 1 of 1
[2022-11-22T20:50:40.743+0000] {taskinstance.py:1364} INFO - 
--------------------------------------------------------------------------------
[2022-11-22T20:50:40.770+0000] {taskinstance.py:1383} INFO - Executing <Task(BashOperator): update_tag> on 2022-11-22 20:50:27.752242+00:00
[2022-11-22T20:50:40.777+0000] {standard_task_runner.py:55} INFO - Started process 1590 to run task
[2022-11-22T20:50:40.784+0000] {standard_task_runner.py:82} INFO - Running: ['***', 'tasks', 'run', 'example_complex', 'update_tag', 'manual__2022-11-22T20:50:27.752242+00:00', '--job-id', '26', '--raw', '--subdir', 'DAGS_FOLDER/example_complex.py', '--cfg-path', '/tmp/tmp58amcpr9']
[2022-11-22T20:50:40.792+0000] {standard_task_runner.py:83} INFO - Job 26: Subtask update_tag
[2022-11-22T20:50:40.865+0000] {task_command.py:376} INFO - Running <TaskInstance: example_complex.update_tag manual__2022-11-22T20:50:27.752242+00:00 [running]> on host 1a61e3e7cd0f
[2022-11-22T20:50:40.995+0000] {taskinstance.py:1590} INFO - Exporting the following env vars:
AIRFLOW_CTX_DAG_OWNER=***
AIRFLOW_CTX_DAG_ID=example_complex
AIRFLOW_CTX_TASK_ID=update_tag
AIRFLOW_CTX_EXECUTION_DATE=2022-11-22T20:50:27.752242+00:00
AIRFLOW_CTX_TRY_NUMBER=1
AIRFLOW_CTX_DAG_RUN_ID=manual__2022-11-22T20:50:27.752242+00:00
[2022-11-22T20:50:41.002+0000] {subprocess.py:63} INFO - Tmp dir root location: 
 /tmp
[2022-11-22T20:50:41.003+0000] {subprocess.py:75} INFO - Running command: ['/bin/bash', '-c', 'echo update_tag']
[2022-11-22T20:50:41.028+0000] {subprocess.py:86} INFO - Output:
[2022-11-22T20:50:41.032+0000] {subprocess.py:93} INFO - update_tag
[2022-11-22T20:50:41.033+0000] {subprocess.py:97} INFO - Command exited with return code 0
[2022-11-22T20:50:41.069+0000] {taskinstance.py:1401} INFO - Marking task as SUCCESS. dag_id=example_complex, task_id=update_tag, execution_date=20221122T205027, start_date=20221122T205040, end_date=20221122T205041
[2022-11-22T20:50:41.122+0000] {local_task_job.py:159} INFO - Task exited with return code 0
[2022-11-22T20:50:41.151+0000] {taskinstance.py:2623} INFO - 0 downstream tasks scheduled from follow-on schedule check
