[2022-11-22T20:50:47.360+0000] {taskinstance.py:1165} INFO - Dependencies all met for <TaskInstance: example_complex.delete_tag_template manual__2022-11-22T20:50:27.752242+00:00 [queued]>
[2022-11-22T20:50:47.370+0000] {taskinstance.py:1165} INFO - Dependencies all met for <TaskInstance: example_complex.delete_tag_template manual__2022-11-22T20:50:27.752242+00:00 [queued]>
[2022-11-22T20:50:47.371+0000] {taskinstance.py:1362} INFO - 
--------------------------------------------------------------------------------
[2022-11-22T20:50:47.372+0000] {taskinstance.py:1363} INFO - Starting attempt 1 of 1
[2022-11-22T20:50:47.373+0000] {taskinstance.py:1364} INFO - 
--------------------------------------------------------------------------------
[2022-11-22T20:50:47.384+0000] {taskinstance.py:1383} INFO - Executing <Task(BashOperator): delete_tag_template> on 2022-11-22 20:50:27.752242+00:00
[2022-11-22T20:50:47.390+0000] {standard_task_runner.py:55} INFO - Started process 1615 to run task
[2022-11-22T20:50:47.393+0000] {standard_task_runner.py:82} INFO - Running: ['***', 'tasks', 'run', 'example_complex', 'delete_tag_template', 'manual__2022-11-22T20:50:27.752242+00:00', '--job-id', '36', '--raw', '--subdir', 'DAGS_FOLDER/example_complex.py', '--cfg-path', '/tmp/tmp70312_yi']
[2022-11-22T20:50:47.397+0000] {standard_task_runner.py:83} INFO - Job 36: Subtask delete_tag_template
[2022-11-22T20:50:47.447+0000] {task_command.py:376} INFO - Running <TaskInstance: example_complex.delete_tag_template manual__2022-11-22T20:50:27.752242+00:00 [running]> on host 1a61e3e7cd0f
[2022-11-22T20:50:47.492+0000] {taskinstance.py:1590} INFO - Exporting the following env vars:
AIRFLOW_CTX_DAG_OWNER=***
AIRFLOW_CTX_DAG_ID=example_complex
AIRFLOW_CTX_TASK_ID=delete_tag_template
AIRFLOW_CTX_EXECUTION_DATE=2022-11-22T20:50:27.752242+00:00
AIRFLOW_CTX_TRY_NUMBER=1
AIRFLOW_CTX_DAG_RUN_ID=manual__2022-11-22T20:50:27.752242+00:00
[2022-11-22T20:50:47.494+0000] {subprocess.py:63} INFO - Tmp dir root location: 
 /tmp
[2022-11-22T20:50:47.496+0000] {subprocess.py:75} INFO - Running command: ['/bin/bash', '-c', 'echo delete_tag_template']
[2022-11-22T20:50:47.507+0000] {subprocess.py:86} INFO - Output:
[2022-11-22T20:50:47.509+0000] {subprocess.py:93} INFO - delete_tag_template
[2022-11-22T20:50:47.510+0000] {subprocess.py:97} INFO - Command exited with return code 0
[2022-11-22T20:50:47.531+0000] {taskinstance.py:1401} INFO - Marking task as SUCCESS. dag_id=example_complex, task_id=delete_tag_template, execution_date=20221122T205027, start_date=20221122T205047, end_date=20221122T205047
[2022-11-22T20:50:47.566+0000] {local_task_job.py:159} INFO - Task exited with return code 0
[2022-11-22T20:50:47.587+0000] {taskinstance.py:2623} INFO - 1 downstream tasks scheduled from follow-on schedule check
